<?xml version="1.0" encoding="UTF-8"?>
<coverage generated="1550071739186" clover="3.2.0">
  <project timestamp="1550071739186" name="All files">
    <metrics statements="17" coveredstatements="10" conditionals="0" coveredconditionals="0" methods="10" coveredmethods="5" elements="27" coveredelements="15" complexity="0" loc="17" ncloc="17" packages="4" files="6" classes="6"/>
    <package name="src">
      <metrics statements="1" coveredstatements="1" conditionals="0" coveredconditionals="0" methods="1" coveredmethods="1"/>
      <file name="App.js" path="/Users/timothymubiru/Documents/Andela/d0a/ui/ah-frontend-valkyrie/src/App.js">
        <metrics statements="1" coveredstatements="1" conditionals="0" coveredconditionals="0" methods="1" coveredmethods="1"/>
        <line num="12" count="1" type="stmt"/>
      </file>
    </package>
    <package name="src.components.auth">
      <metrics statements="6" coveredstatements="0" conditionals="0" coveredconditionals="0" methods="4" coveredmethods="0"/>
      <file name="Login.js" path="/Users/timothymubiru/Documents/Andela/d0a/ui/ah-frontend-valkyrie/src/components/auth/Login.js">
        <metrics statements="3" coveredstatements="0" conditionals="0" coveredconditionals="0" methods="2" coveredmethods="0"/>
        <line num="7" count="0" type="stmt"/>
        <line num="8" count="0" type="stmt"/>
        <line num="11" count="0" type="stmt"/>
      </file>
      <file name="Register.js" path="/Users/timothymubiru/Documents/Andela/d0a/ui/ah-frontend-valkyrie/src/components/auth/Register.js">
        <metrics statements="3" coveredstatements="0" conditionals="0" coveredconditionals="0" methods="2" coveredmethods="0"/>
        <line num="7" count="0" type="stmt"/>
        <line num="8" count="0" type="stmt"/>
        <line num="12" count="0" type="stmt"/>
      </file>
    </package>
    <package name="src.components.common">
      <metrics statements="4" coveredstatements="3" conditionals="0" coveredconditionals="0" methods="1" coveredmethods="0"/>
      <file name="TextInputField.js" path="/Users/timothymubiru/Documents/Andela/d0a/ui/ah-frontend-valkyrie/src/components/common/TextInputField.js">
        <metrics statements="4" coveredstatements="3" conditionals="0" coveredconditionals="0" methods="1" coveredmethods="0"/>
        <line num="4" count="1" type="stmt"/>
        <line num="12" count="0" type="stmt"/>
        <line num="31" count="1" type="stmt"/>
        <line num="39" count="1" type="stmt"/>
      </file>
    </package>
    <package name="src.components.layout">
      <metrics statements="6" coveredstatements="6" conditionals="0" coveredconditionals="0" methods="4" coveredmethods="4"/>
      <file name="Landing.js" path="/Users/timothymubiru/Documents/Andela/d0a/ui/ah-frontend-valkyrie/src/components/layout/Landing.js">
        <metrics statements="3" coveredstatements="3" conditionals="0" coveredconditionals="0" methods="2" coveredmethods="2"/>
        <line num="5" count="1" type="stmt"/>
        <line num="6" count="1" type="stmt"/>
        <line num="10" count="1" type="stmt"/>
      </file>
      <file name="Navbar.js" path="/Users/timothymubiru/Documents/Andela/d0a/ui/ah-frontend-valkyrie/src/components/layout/Navbar.js">
        <metrics statements="3" coveredstatements="3" conditionals="0" coveredconditionals="0" methods="2" coveredmethods="2"/>
        <line num="6" count="1" type="stmt"/>
        <line num="7" count="1" type="stmt"/>
        <line num="11" count="1" type="stmt"/>
      </file>
    </package>
  </project>
</coverage>
