{"/Users/atukunda/Desktop/ah-frontend-valkyrie/src/App.js": {"path":"/Users/atukunda/Desktop/ah-frontend-valkyrie/src/App.js","statementMap":{"0":{"start":{"line":12,"column":0},"end":{"line":16,"column":1}},"1":{"start":{"line":13,"column":19},"end":{"line":13,"column":56}},"2":{"start":{"line":14,"column":2},"end":{"line":14,"column":43}},"3":{"start":{"line":15,"column":2},"end":{"line":15,"column":45}},"4":{"start":{"line":17,"column":12},"end":{"line":26,"column":1}},"5":{"start":{"line":18,"column":2},"end":{"line":25,"column":11}}},"fnMap":{"0":{"name":"(anonymous_0)","decl":{"start":{"line":17,"column":12},"end":{"line":17,"column":13}},"loc":{"start":{"line":18,"column":2},"end":{"line":25,"column":11}},"line":18}},"branchMap":{"0":{"loc":{"start":{"line":12,"column":0},"end":{"line":16,"column":1}},"type":"if","locations":[{"start":{"line":12,"column":0},"end":{"line":16,"column":1}},{"start":{"line":12,"column":0},"end":{"line":16,"column":1}}],"line":12}},"s":{"0":1,"1":0,"2":0,"3":0,"4":1,"5":1},"f":{"0":1},"b":{"0":[0,1]},"_coverageSchema":"43e27e138ebf9cfc5966b082cf9a028302ed4184","hash":"766cbc0c459c7e9ab7a2c3456cb28bb2e6a76221"}
,"/Users/atukunda/Desktop/ah-frontend-valkyrie/src/fileMock.js": {"path":"/Users/atukunda/Desktop/ah-frontend-valkyrie/src/fileMock.js","statementMap":{"0":{"start":{"line":1,"column":0},"end":{"line":1,"column":20}}},"fnMap":{},"branchMap":{},"s":{"0":1},"f":{},"b":{},"_coverageSchema":"43e27e138ebf9cfc5966b082cf9a028302ed4184","hash":"0f242433a6b1174e36b647e00a6d30776dfeed45"}
,"/Users/atukunda/Desktop/ah-frontend-valkyrie/src/styleMock.js": {"path":"/Users/atukunda/Desktop/ah-frontend-valkyrie/src/styleMock.js","statementMap":{"0":{"start":{"line":1,"column":0},"end":{"line":1,"column":34}}},"fnMap":{},"branchMap":{},"s":{"0":2},"f":{},"b":{},"_coverageSchema":"43e27e138ebf9cfc5966b082cf9a028302ed4184","hash":"513c3459324e3c6672d593d08d1f1d6f714ee290"}
,"/Users/atukunda/Desktop/ah-frontend-valkyrie/src/actions/index.js": {"path":"/Users/atukunda/Desktop/ah-frontend-valkyrie/src/actions/index.js","statementMap":{"0":{"start":{"line":3,"column":15},"end":{"line":6,"column":1}},"1":{"start":{"line":3,"column":21},"end":{"line":6,"column":1}},"2":{"start":{"line":4,"column":2},"end":{"line":4,"column":23}},"3":{"start":{"line":5,"column":2},"end":{"line":5,"column":33}}},"fnMap":{"0":{"name":"(anonymous_0)","decl":{"start":{"line":3,"column":15},"end":{"line":3,"column":16}},"loc":{"start":{"line":3,"column":21},"end":{"line":6,"column":1}},"line":3},"1":{"name":"(anonymous_1)","decl":{"start":{"line":3,"column":21},"end":{"line":3,"column":22}},"loc":{"start":{"line":3,"column":37},"end":{"line":6,"column":1}},"line":3}},"branchMap":{},"s":{"0":1,"1":0,"2":0,"3":0},"f":{"0":0,"1":0},"b":{},"_coverageSchema":"43e27e138ebf9cfc5966b082cf9a028302ed4184","hash":"c1ef2aebfba04aa7215a91302df32b2e7345cbb2"}
,"/Users/atukunda/Desktop/ah-frontend-valkyrie/src/actions/loginActions.js": {"path":"/Users/atukunda/Desktop/ah-frontend-valkyrie/src/actions/loginActions.js","statementMap":{"0":{"start":{"line":4,"column":33},"end":{"line":4,"column":52}},"1":{"start":{"line":5,"column":33},"end":{"line":5,"column":52}},"2":{"start":{"line":6,"column":31},"end":{"line":6,"column":48}},"3":{"start":{"line":7,"column":32},"end":{"line":7,"column":50}},"4":{"start":{"line":9,"column":31},"end":{"line":9,"column":96}},"5":{"start":{"line":9,"column":51},"end":{"line":9,"column":94}},"6":{"start":{"line":11,"column":28},"end":{"line":11,"column":73}},"7":{"start":{"line":11,"column":38},"end":{"line":11,"column":71}},"8":{"start":{"line":13,"column":29},"end":{"line":13,"column":84}},"9":{"start":{"line":13,"column":45},"end":{"line":13,"column":82}},"10":{"start":{"line":15,"column":30},"end":{"line":15,"column":96}},"11":{"start":{"line":15,"column":51},"end":{"line":15,"column":94}},"12":{"start":{"line":17,"column":21},"end":{"line":44,"column":1}},"13":{"start":{"line":17,"column":44},"end":{"line":44,"column":1}},"14":{"start":{"line":18,"column":14},"end":{"line":18,"column":85}},"15":{"start":{"line":19,"column":15},"end":{"line":24,"column":3}},"16":{"start":{"line":25,"column":22},"end":{"line":32,"column":3}},"17":{"start":{"line":33,"column":2},"end":{"line":33,"column":38}},"18":{"start":{"line":34,"column":2},"end":{"line":43,"column":85}},"19":{"start":{"line":36,"column":6},"end":{"line":36,"column":41}},"20":{"start":{"line":37,"column":24},"end":{"line":37,"column":42}},"21":{"start":{"line":38,"column":6},"end":{"line":38,"column":50}},"22":{"start":{"line":39,"column":26},"end":{"line":39,"column":45}},"23":{"start":{"line":40,"column":6},"end":{"line":40,"column":46}},"24":{"start":{"line":41,"column":6},"end":{"line":41,"column":33}},"25":{"start":{"line":43,"column":21},"end":{"line":43,"column":82}}},"fnMap":{"0":{"name":"(anonymous_0)","decl":{"start":{"line":9,"column":31},"end":{"line":9,"column":32}},"loc":{"start":{"line":9,"column":51},"end":{"line":9,"column":94}},"line":9},"1":{"name":"(anonymous_1)","decl":{"start":{"line":11,"column":28},"end":{"line":11,"column":29}},"loc":{"start":{"line":11,"column":38},"end":{"line":11,"column":71}},"line":11},"2":{"name":"(anonymous_2)","decl":{"start":{"line":13,"column":29},"end":{"line":13,"column":30}},"loc":{"start":{"line":13,"column":45},"end":{"line":13,"column":82}},"line":13},"3":{"name":"(anonymous_3)","decl":{"start":{"line":15,"column":30},"end":{"line":15,"column":31}},"loc":{"start":{"line":15,"column":51},"end":{"line":15,"column":94}},"line":15},"4":{"name":"(anonymous_4)","decl":{"start":{"line":17,"column":21},"end":{"line":17,"column":22}},"loc":{"start":{"line":17,"column":44},"end":{"line":44,"column":1}},"line":17},"5":{"name":"(anonymous_5)","decl":{"start":{"line":17,"column":44},"end":{"line":17,"column":45}},"loc":{"start":{"line":17,"column":60},"end":{"line":44,"column":1}},"line":17},"6":{"name":"(anonymous_6)","decl":{"start":{"line":35,"column":11},"end":{"line":35,"column":12}},"loc":{"start":{"line":35,"column":27},"end":{"line":42,"column":5}},"line":35},"7":{"name":"(anonymous_7)","decl":{"start":{"line":43,"column":12},"end":{"line":43,"column":13}},"loc":{"start":{"line":43,"column":21},"end":{"line":43,"column":82}},"line":43}},"branchMap":{},"s":{"0":5,"1":5,"2":5,"3":5,"4":5,"5":1,"6":5,"7":1,"8":5,"9":1,"10":5,"11":0,"12":5,"13":2,"14":1,"15":1,"16":1,"17":1,"18":1,"19":0,"20":0,"21":0,"22":0,"23":0,"24":0,"25":0},"f":{"0":1,"1":1,"2":1,"3":0,"4":2,"5":1,"6":0,"7":0},"b":{},"_coverageSchema":"43e27e138ebf9cfc5966b082cf9a028302ed4184","hash":"d75e8dd832a6fe6320a8f2ce9c9a8801ea1a94ba"}
,"/Users/atukunda/Desktop/ah-frontend-valkyrie/src/components/Alert/Alert.js": {"path":"/Users/atukunda/Desktop/ah-frontend-valkyrie/src/components/Alert/Alert.js","statementMap":{"0":{"start":{"line":4,"column":14},"end":{"line":6,"column":1}},"1":{"start":{"line":5,"column":2},"end":{"line":5,"column":60}},"2":{"start":{"line":8,"column":0},"end":{"line":11,"column":4}}},"fnMap":{"0":{"name":"(anonymous_0)","decl":{"start":{"line":4,"column":14},"end":{"line":4,"column":15}},"loc":{"start":{"line":5,"column":2},"end":{"line":5,"column":60}},"line":5}},"branchMap":{},"s":{"0":2,"1":0,"2":2},"f":{"0":0},"b":{},"_coverageSchema":"43e27e138ebf9cfc5966b082cf9a028302ed4184","hash":"e8f6fe96304fcced8a7757194379beadc0714379"}
,"/Users/atukunda/Desktop/ah-frontend-valkyrie/src/components/auth/Login.js": {"path":"/Users/atukunda/Desktop/ah-frontend-valkyrie/src/components/auth/Login.js","statementMap":{"0":{"start":{"line":11,"column":4},"end":{"line":11,"column":19}},"1":{"start":{"line":12,"column":4},"end":{"line":12,"column":20}},"2":{"start":{"line":16,"column":4},"end":{"line":16,"column":27}},"3":{"start":{"line":17,"column":32},"end":{"line":17,"column":42}},"4":{"start":{"line":18,"column":4},"end":{"line":18,"column":40}},"5":{"start":{"line":22,"column":4},"end":{"line":22,"column":67}},"6":{"start":{"line":26,"column":32},"end":{"line":26,"column":42}},"7":{"start":{"line":27,"column":43},"end":{"line":27,"column":53}},"8":{"start":{"line":28,"column":4},"end":{"line":45,"column":6}},"9":{"start":{"line":49,"column":25},"end":{"line":58,"column":1}},"10":{"start":{"line":50,"column":2},"end":{"line":57,"column":8}},"11":{"start":{"line":60,"column":37},"end":{"line":76,"column":1}},"12":{"start":{"line":61,"column":2},"end":{"line":75,"column":8}},"13":{"start":{"line":78,"column":0},"end":{"line":80,"column":2}},"14":{"start":{"line":82,"column":0},"end":{"line":86,"column":4}},"15":{"start":{"line":88,"column":24},"end":{"line":93,"column":3}},"16":{"start":{"line":88,"column":35},"end":{"line":93,"column":1}},"17":{"start":{"line":95,"column":27},"end":{"line":97,"column":3}},"18":{"start":{"line":95,"column":41},"end":{"line":97,"column":1}},"19":{"start":{"line":96,"column":32},"end":{"line":96,"column":68}}},"fnMap":{"0":{"name":"(anonymous_0)","decl":{"start":{"line":10,"column":2},"end":{"line":10,"column":3}},"loc":{"start":{"line":10,"column":23},"end":{"line":13,"column":3}},"line":10},"1":{"name":"(anonymous_1)","decl":{"start":{"line":15,"column":13},"end":{"line":15,"column":14}},"loc":{"start":{"line":15,"column":26},"end":{"line":19,"column":3}},"line":15},"2":{"name":"(anonymous_2)","decl":{"start":{"line":21,"column":19},"end":{"line":21,"column":20}},"loc":{"start":{"line":21,"column":32},"end":{"line":23,"column":3}},"line":21},"3":{"name":"(anonymous_3)","decl":{"start":{"line":25,"column":2},"end":{"line":25,"column":3}},"loc":{"start":{"line":25,"column":11},"end":{"line":46,"column":3}},"line":25},"4":{"name":"(anonymous_4)","decl":{"start":{"line":49,"column":25},"end":{"line":49,"column":26}},"loc":{"start":{"line":50,"column":2},"end":{"line":57,"column":8}},"line":50},"5":{"name":"(anonymous_5)","decl":{"start":{"line":60,"column":37},"end":{"line":60,"column":38}},"loc":{"start":{"line":61,"column":2},"end":{"line":75,"column":8}},"line":61},"6":{"name":"(anonymous_6)","decl":{"start":{"line":88,"column":24},"end":{"line":88,"column":25}},"loc":{"start":{"line":88,"column":35},"end":{"line":93,"column":1}},"line":88},"7":{"name":"(anonymous_7)","decl":{"start":{"line":95,"column":27},"end":{"line":95,"column":28}},"loc":{"start":{"line":95,"column":41},"end":{"line":97,"column":1}},"line":95},"8":{"name":"(anonymous_8)","decl":{"start":{"line":96,"column":9},"end":{"line":96,"column":10}},"loc":{"start":{"line":96,"column":32},"end":{"line":96,"column":68}},"line":96}},"branchMap":{},"s":{"0":1,"1":1,"2":1,"3":1,"4":1,"5":1,"6":2,"7":2,"8":2,"9":2,"10":2,"11":2,"12":2,"13":2,"14":2,"15":2,"16":1,"17":2,"18":1,"19":1},"f":{"0":1,"1":1,"2":1,"3":2,"4":2,"5":2,"6":1,"7":1,"8":1},"b":{},"_coverageSchema":"43e27e138ebf9cfc5966b082cf9a028302ed4184","hash":"897e7db8cb52bb5fa715986b4965eab714d16636"}
,"/Users/atukunda/Desktop/ah-frontend-valkyrie/src/components/auth/Register.js": {"path":"/Users/atukunda/Desktop/ah-frontend-valkyrie/src/components/auth/Register.js","statementMap":{"0":{"start":{"line":7,"column":4},"end":{"line":7,"column":19}},"1":{"start":{"line":8,"column":4},"end":{"line":8,"column":20}},"2":{"start":{"line":12,"column":4},"end":{"line":58,"column":6}}},"fnMap":{"0":{"name":"(anonymous_0)","decl":{"start":{"line":6,"column":2},"end":{"line":6,"column":3}},"loc":{"start":{"line":6,"column":23},"end":{"line":9,"column":3}},"line":6},"1":{"name":"(anonymous_1)","decl":{"start":{"line":11,"column":2},"end":{"line":11,"column":3}},"loc":{"start":{"line":11,"column":11},"end":{"line":59,"column":3}},"line":11}},"branchMap":{},"s":{"0":0,"1":0,"2":0},"f":{"0":0,"1":0},"b":{},"_coverageSchema":"43e27e138ebf9cfc5966b082cf9a028302ed4184","hash":"d0cd2f70d418e5a78364b1a168528b0d4c7f2e2e"}
,"/Users/atukunda/Desktop/ah-frontend-valkyrie/src/components/auth/login/LoginForm.js": {"path":"/Users/atukunda/Desktop/ah-frontend-valkyrie/src/components/auth/login/LoginForm.js","statementMap":{"0":{"start":{"line":6,"column":18},"end":{"line":42,"column":1}},"1":{"start":{"line":9,"column":6},"end":{"line":9,"column":11}},"2":{"start":{"line":10,"column":2},"end":{"line":41,"column":4}},"3":{"start":{"line":43,"column":0},"end":{"line":51,"column":2}},"4":{"start":{"line":53,"column":0},"end":{"line":58,"column":2}}},"fnMap":{"0":{"name":"(anonymous_0)","decl":{"start":{"line":6,"column":18},"end":{"line":6,"column":19}},"loc":{"start":{"line":6,"column":31},"end":{"line":42,"column":1}},"line":6}},"branchMap":{"0":{"loc":{"start":{"line":34,"column":7},"end":{"line":38,"column":7}},"type":"binary-expr","locations":[{"start":{"line":34,"column":7},"end":{"line":34,"column":21}},{"start":{"line":35,"column":8},"end":{"line":37,"column":14}}],"line":34},"1":{"loc":{"start":{"line":39,"column":7},"end":{"line":39,"column":79}},"type":"binary-expr","locations":[{"start":{"line":39,"column":7},"end":{"line":39,"column":17}},{"start":{"line":39,"column":21},"end":{"line":39,"column":79}}],"line":39}},"s":{"0":2,"1":2,"2":2,"3":2,"4":2},"f":{"0":2},"b":{"0":[2,0],"1":[2,0]},"_coverageSchema":"43e27e138ebf9cfc5966b082cf9a028302ed4184","hash":"6e69ec0cbc82445c1393531a25a1677a5b2e87b3"}
,"/Users/atukunda/Desktop/ah-frontend-valkyrie/src/components/common/Button.js": {"path":"/Users/atukunda/Desktop/ah-frontend-valkyrie/src/components/common/Button.js","statementMap":{"0":{"start":{"line":4,"column":15},"end":{"line":9,"column":1}},"1":{"start":{"line":5,"column":2},"end":{"line":8,"column":11}},"2":{"start":{"line":11,"column":0},"end":{"line":16,"column":4}},"3":{"start":{"line":18,"column":0},"end":{"line":22,"column":2}}},"fnMap":{"0":{"name":"(anonymous_0)","decl":{"start":{"line":4,"column":15},"end":{"line":4,"column":16}},"loc":{"start":{"line":5,"column":2},"end":{"line":8,"column":11}},"line":5}},"branchMap":{},"s":{"0":3,"1":7,"2":3,"3":3},"f":{"0":7},"b":{},"_coverageSchema":"43e27e138ebf9cfc5966b082cf9a028302ed4184","hash":"f85358de080edebdc6450c3f4c7196c70dc17de9"}
,"/Users/atukunda/Desktop/ah-frontend-valkyrie/src/components/common/Modal.js": {"path":"/Users/atukunda/Desktop/ah-frontend-valkyrie/src/components/common/Modal.js","statementMap":{"0":{"start":{"line":4,"column":14},"end":{"line":19,"column":1}},"1":{"start":{"line":5,"column":2},"end":{"line":18,"column":8}},"2":{"start":{"line":21,"column":0},"end":{"line":23,"column":4}}},"fnMap":{"0":{"name":"(anonymous_0)","decl":{"start":{"line":4,"column":14},"end":{"line":4,"column":15}},"loc":{"start":{"line":5,"column":2},"end":{"line":18,"column":8}},"line":5}},"branchMap":{},"s":{"0":1,"1":0,"2":1},"f":{"0":0},"b":{},"_coverageSchema":"43e27e138ebf9cfc5966b082cf9a028302ed4184","hash":"7332e58d0e40da6060cd28ea2268e248853133ed"}
,"/Users/atukunda/Desktop/ah-frontend-valkyrie/src/components/common/TextInputField.js": {"path":"/Users/atukunda/Desktop/ah-frontend-valkyrie/src/components/common/TextInputField.js","statementMap":{"0":{"start":{"line":4,"column":23},"end":{"line":30,"column":1}},"1":{"start":{"line":14,"column":2},"end":{"line":29,"column":8}},"2":{"start":{"line":32,"column":0},"end":{"line":41,"column":2}},"3":{"start":{"line":42,"column":0},"end":{"line":51,"column":2}}},"fnMap":{"0":{"name":"(anonymous_0)","decl":{"start":{"line":4,"column":23},"end":{"line":4,"column":24}},"loc":{"start":{"line":14,"column":2},"end":{"line":29,"column":8}},"line":14}},"branchMap":{},"s":{"0":3,"1":5,"2":3,"3":3},"f":{"0":5},"b":{},"_coverageSchema":"43e27e138ebf9cfc5966b082cf9a028302ed4184","hash":"0ae4a287f20d52f2333650f498cc84735d2c7b81"}
,"/Users/atukunda/Desktop/ah-frontend-valkyrie/src/components/layout/Footer.js": {"path":"/Users/atukunda/Desktop/ah-frontend-valkyrie/src/components/layout/Footer.js","statementMap":{"0":{"start":{"line":5,"column":4},"end":{"line":5,"column":19}},"1":{"start":{"line":6,"column":4},"end":{"line":6,"column":20}},"2":{"start":{"line":10,"column":4},"end":{"line":16,"column":6}}},"fnMap":{"0":{"name":"(anonymous_0)","decl":{"start":{"line":4,"column":2},"end":{"line":4,"column":3}},"loc":{"start":{"line":4,"column":23},"end":{"line":7,"column":3}},"line":4},"1":{"name":"(anonymous_1)","decl":{"start":{"line":9,"column":2},"end":{"line":9,"column":3}},"loc":{"start":{"line":9,"column":11},"end":{"line":17,"column":3}},"line":9}},"branchMap":{},"s":{"0":0,"1":0,"2":0},"f":{"0":0,"1":0},"b":{},"_coverageSchema":"43e27e138ebf9cfc5966b082cf9a028302ed4184","hash":"8322e0ba1a9001eb9d61a15d70880f841bbbcb05"}
,"/Users/atukunda/Desktop/ah-frontend-valkyrie/src/components/layout/Landing.js": {"path":"/Users/atukunda/Desktop/ah-frontend-valkyrie/src/components/layout/Landing.js","statementMap":{"0":{"start":{"line":9,"column":4},"end":{"line":9,"column":19}},"1":{"start":{"line":10,"column":4},"end":{"line":10,"column":20}},"2":{"start":{"line":14,"column":4},"end":{"line":286,"column":6}}},"fnMap":{"0":{"name":"(anonymous_0)","decl":{"start":{"line":8,"column":2},"end":{"line":8,"column":3}},"loc":{"start":{"line":8,"column":23},"end":{"line":11,"column":3}},"line":8},"1":{"name":"(anonymous_1)","decl":{"start":{"line":13,"column":2},"end":{"line":13,"column":3}},"loc":{"start":{"line":13,"column":11},"end":{"line":287,"column":3}},"line":13}},"branchMap":{},"s":{"0":0,"1":0,"2":0},"f":{"0":0,"1":0},"b":{},"_coverageSchema":"43e27e138ebf9cfc5966b082cf9a028302ed4184","hash":"5656e44520024ea0bd1cc00571c918d56e907c2d"}
,"/Users/atukunda/Desktop/ah-frontend-valkyrie/src/components/layout/Navbar.js": {"path":"/Users/atukunda/Desktop/ah-frontend-valkyrie/src/components/layout/Navbar.js","statementMap":{"0":{"start":{"line":15,"column":4},"end":{"line":15,"column":19}},"1":{"start":{"line":16,"column":4},"end":{"line":16,"column":20}},"2":{"start":{"line":17,"column":4},"end":{"line":17,"column":57}},"3":{"start":{"line":21,"column":4},"end":{"line":21,"column":24}},"4":{"start":{"line":22,"column":4},"end":{"line":22,"column":31}},"5":{"start":{"line":26,"column":32},"end":{"line":26,"column":61}},"6":{"start":{"line":27,"column":4},"end":{"line":74,"column":6}},"7":{"start":{"line":77,"column":21},"end":{"line":86,"column":1}},"8":{"start":{"line":78,"column":2},"end":{"line":85,"column":8}},"9":{"start":{"line":88,"column":19},"end":{"line":106,"column":1}},"10":{"start":{"line":89,"column":2},"end":{"line":105,"column":7}},"11":{"start":{"line":108,"column":0},"end":{"line":110,"column":4}},"12":{"start":{"line":111,"column":0},"end":{"line":113,"column":4}},"13":{"start":{"line":114,"column":24},"end":{"line":114,"column":61}},"14":{"start":{"line":114,"column":35},"end":{"line":114,"column":59}}},"fnMap":{"0":{"name":"(anonymous_0)","decl":{"start":{"line":14,"column":2},"end":{"line":14,"column":3}},"loc":{"start":{"line":14,"column":23},"end":{"line":18,"column":3}},"line":14},"1":{"name":"(anonymous_1)","decl":{"start":{"line":20,"column":2},"end":{"line":20,"column":3}},"loc":{"start":{"line":20,"column":18},"end":{"line":23,"column":3}},"line":20},"2":{"name":"(anonymous_2)","decl":{"start":{"line":25,"column":2},"end":{"line":25,"column":3}},"loc":{"start":{"line":25,"column":11},"end":{"line":75,"column":3}},"line":25},"3":{"name":"(anonymous_3)","decl":{"start":{"line":77,"column":21},"end":{"line":77,"column":22}},"loc":{"start":{"line":78,"column":2},"end":{"line":85,"column":8}},"line":78},"4":{"name":"(anonymous_4)","decl":{"start":{"line":88,"column":19},"end":{"line":88,"column":20}},"loc":{"start":{"line":89,"column":2},"end":{"line":105,"column":7}},"line":89},"5":{"name":"(anonymous_5)","decl":{"start":{"line":114,"column":24},"end":{"line":114,"column":25}},"loc":{"start":{"line":114,"column":35},"end":{"line":114,"column":59}},"line":114}},"branchMap":{"0":{"loc":{"start":{"line":48,"column":15},"end":{"line":66,"column":15}},"type":"cond-expr","locations":[{"start":{"line":49,"column":16},"end":{"line":63,"column":21}},{"start":{"line":65,"column":16},"end":{"line":65,"column":30}}],"line":48}},"s":{"0":0,"1":0,"2":0,"3":0,"4":0,"5":0,"6":0,"7":1,"8":0,"9":1,"10":0,"11":1,"12":1,"13":1,"14":0},"f":{"0":0,"1":0,"2":0,"3":0,"4":0,"5":0},"b":{"0":[0,0]},"_coverageSchema":"43e27e138ebf9cfc5966b082cf9a028302ed4184","hash":"a7981aad8c80a54b49b5ebf49e213e3090390e40"}
,"/Users/atukunda/Desktop/ah-frontend-valkyrie/src/reducers/loginRecucer.js": {"path":"/Users/atukunda/Desktop/ah-frontend-valkyrie/src/reducers/loginRecucer.js","statementMap":{"0":{"start":{"line":5,"column":21},"end":{"line":10,"column":1}},"1":{"start":{"line":11,"column":21},"end":{"line":33,"column":1}},"2":{"start":{"line":12,"column":2},"end":{"line":32,"column":3}},"3":{"start":{"line":14,"column":6},"end":{"line":16,"column":10}},"4":{"start":{"line":18,"column":6},"end":{"line":18,"column":53}},"5":{"start":{"line":21,"column":6},"end":{"line":24,"column":10}},"6":{"start":{"line":27,"column":6},"end":{"line":29,"column":10}},"7":{"start":{"line":31,"column":6},"end":{"line":31,"column":19}}},"fnMap":{"0":{"name":"(anonymous_0)","decl":{"start":{"line":11,"column":21},"end":{"line":11,"column":22}},"loc":{"start":{"line":11,"column":57},"end":{"line":33,"column":1}},"line":11}},"branchMap":{"0":{"loc":{"start":{"line":11,"column":23},"end":{"line":11,"column":43}},"type":"default-arg","locations":[{"start":{"line":11,"column":31},"end":{"line":11,"column":43}}],"line":11},"1":{"loc":{"start":{"line":12,"column":2},"end":{"line":32,"column":3}},"type":"switch","locations":[{"start":{"line":13,"column":4},"end":{"line":16,"column":10}},{"start":{"line":17,"column":4},"end":{"line":18,"column":53}},{"start":{"line":20,"column":4},"end":{"line":24,"column":10}},{"start":{"line":26,"column":4},"end":{"line":29,"column":10}},{"start":{"line":30,"column":4},"end":{"line":31,"column":19}}],"line":12}},"s":{"0":3,"1":3,"2":9,"3":1,"4":1,"5":0,"6":1,"7":6},"f":{"0":9},"b":{"0":[6],"1":[1,1,0,1,6]},"_coverageSchema":"43e27e138ebf9cfc5966b082cf9a028302ed4184","hash":"14c9c65dd3aac76525dba040ebfe2b37aba2414c"}
,"/Users/atukunda/Desktop/ah-frontend-valkyrie/src/reducers/rootReducer.js": {"path":"/Users/atukunda/Desktop/ah-frontend-valkyrie/src/reducers/rootReducer.js","statementMap":{},"fnMap":{},"branchMap":{},"s":{},"f":{},"b":{},"_coverageSchema":"43e27e138ebf9cfc5966b082cf9a028302ed4184","hash":"01da0f78dd99497916b0aa431a12c6b31d2990b7"}
,"/Users/atukunda/Desktop/ah-frontend-valkyrie/src/store/index.js": {"path":"/Users/atukunda/Desktop/ah-frontend-valkyrie/src/store/index.js","statementMap":{"0":{"start":{"line":6,"column":14},"end":{"line":9,"column":1}}},"fnMap":{},"branchMap":{},"s":{"0":1},"f":{},"b":{},"_coverageSchema":"43e27e138ebf9cfc5966b082cf9a028302ed4184","hash":"c5ef1b88856028a0141979ab1d82e36ca96513d5"}
}
