{"/Users/manzedebenard/Desktop/Andela/front-fix/ah-frontend-valkyrie/src/App.js": {"path":"/Users/manzedebenard/Desktop/Andela/front-fix/ah-frontend-valkyrie/src/App.js","statementMap":{"0":{"start":{"line":17,"column":0},"end":{"line":21,"column":1}},"1":{"start":{"line":18,"column":19},"end":{"line":18,"column":54}},"2":{"start":{"line":19,"column":2},"end":{"line":19,"column":39}},"3":{"start":{"line":20,"column":2},"end":{"line":20,"column":41}},"4":{"start":{"line":25,"column":4},"end":{"line":25,"column":17}},"5":{"start":{"line":26,"column":4},"end":{"line":26,"column":20}},"6":{"start":{"line":30,"column":4},"end":{"line":45,"column":6}}},"fnMap":{"0":{"name":"(anonymous_0)","decl":{"start":{"line":24,"column":2},"end":{"line":24,"column":3}},"loc":{"start":{"line":24,"column":21},"end":{"line":27,"column":3}},"line":24},"1":{"name":"(anonymous_1)","decl":{"start":{"line":29,"column":2},"end":{"line":29,"column":3}},"loc":{"start":{"line":29,"column":11},"end":{"line":46,"column":3}},"line":29}},"branchMap":{"0":{"loc":{"start":{"line":17,"column":0},"end":{"line":21,"column":1}},"type":"if","locations":[{"start":{"line":17,"column":0},"end":{"line":21,"column":1}},{"start":{"line":17,"column":0},"end":{"line":21,"column":1}}],"line":17}},"s":{"0":1,"1":0,"2":0,"3":0,"4":1,"5":1,"6":1},"f":{"0":1,"1":1},"b":{"0":[0,1]},"_coverageSchema":"43e27e138ebf9cfc5966b082cf9a028302ed4184","hash":"0b7038230a123ba371ea8c10ef3aed9748ab6ef7"}
,"/Users/manzedebenard/Desktop/Andela/front-fix/ah-frontend-valkyrie/src/fileMock.js": {"path":"/Users/manzedebenard/Desktop/Andela/front-fix/ah-frontend-valkyrie/src/fileMock.js","statementMap":{"0":{"start":{"line":1,"column":0},"end":{"line":1,"column":20}}},"fnMap":{},"branchMap":{},"s":{"0":5},"f":{},"b":{},"_coverageSchema":"43e27e138ebf9cfc5966b082cf9a028302ed4184","hash":"876d595aa62706ead3480121c10d99738e52de10"}
,"/Users/manzedebenard/Desktop/Andela/front-fix/ah-frontend-valkyrie/src/styleMock.js": {"path":"/Users/manzedebenard/Desktop/Andela/front-fix/ah-frontend-valkyrie/src/styleMock.js","statementMap":{"0":{"start":{"line":1,"column":0},"end":{"line":1,"column":34}}},"fnMap":{},"branchMap":{},"s":{"0":12},"f":{},"b":{},"_coverageSchema":"43e27e138ebf9cfc5966b082cf9a028302ed4184","hash":"63e123198d176049f2caa4d6df77c71964941978"}
,"/Users/manzedebenard/Desktop/Andela/front-fix/ah-frontend-valkyrie/src/actions/ChangePasswordAction.js": {"path":"/Users/manzedebenard/Desktop/Andela/front-fix/ah-frontend-valkyrie/src/actions/ChangePasswordAction.js","statementMap":{"0":{"start":{"line":5,"column":37},"end":{"line":10,"column":1}},"1":{"start":{"line":6,"column":2},"end":{"line":9,"column":3}},"2":{"start":{"line":12,"column":34},"end":{"line":17,"column":1}},"3":{"start":{"line":13,"column":2},"end":{"line":16,"column":3}},"4":{"start":{"line":19,"column":36},"end":{"line":42,"column":1}},"5":{"start":{"line":19,"column":57},"end":{"line":42,"column":1}},"6":{"start":{"line":20,"column":16},"end":{"line":20,"column":75}},"7":{"start":{"line":21,"column":17},"end":{"line":21,"column":27}},"8":{"start":{"line":22,"column":4},"end":{"line":41,"column":7}},"9":{"start":{"line":34,"column":8},"end":{"line":34,"column":68}},"10":{"start":{"line":38,"column":8},"end":{"line":38,"column":74}}},"fnMap":{"0":{"name":"(anonymous_0)","decl":{"start":{"line":5,"column":37},"end":{"line":5,"column":38}},"loc":{"start":{"line":6,"column":2},"end":{"line":9,"column":3}},"line":6},"1":{"name":"(anonymous_1)","decl":{"start":{"line":12,"column":34},"end":{"line":12,"column":35}},"loc":{"start":{"line":13,"column":2},"end":{"line":16,"column":3}},"line":13},"2":{"name":"(anonymous_2)","decl":{"start":{"line":19,"column":36},"end":{"line":19,"column":37}},"loc":{"start":{"line":19,"column":57},"end":{"line":42,"column":1}},"line":19},"3":{"name":"(anonymous_3)","decl":{"start":{"line":19,"column":57},"end":{"line":19,"column":58}},"loc":{"start":{"line":19,"column":71},"end":{"line":42,"column":1}},"line":19},"4":{"name":"(anonymous_4)","decl":{"start":{"line":33,"column":12},"end":{"line":33,"column":13}},"loc":{"start":{"line":33,"column":24},"end":{"line":35,"column":7}},"line":33},"5":{"name":"(anonymous_5)","decl":{"start":{"line":37,"column":13},"end":{"line":37,"column":14}},"loc":{"start":{"line":37,"column":22},"end":{"line":40,"column":9}},"line":37}},"branchMap":{},"s":{"0":3,"1":1,"2":3,"3":1,"4":3,"5":2,"6":1,"7":1,"8":1,"9":0,"10":0},"f":{"0":1,"1":1,"2":2,"3":1,"4":0,"5":0},"b":{},"_coverageSchema":"43e27e138ebf9cfc5966b082cf9a028302ed4184","hash":"711907f0dcd3ec66009b5c903bdf7cb80c422a21"}
,"/Users/manzedebenard/Desktop/Andela/front-fix/ah-frontend-valkyrie/src/actions/ResetPasswordLinkAction.js": {"path":"/Users/manzedebenard/Desktop/Andela/front-fix/ah-frontend-valkyrie/src/actions/ResetPasswordLinkAction.js","statementMap":{"0":{"start":{"line":4,"column":36},"end":{"line":9,"column":1}},"1":{"start":{"line":5,"column":4},"end":{"line":8,"column":5}},"2":{"start":{"line":11,"column":33},"end":{"line":16,"column":1}},"3":{"start":{"line":12,"column":4},"end":{"line":15,"column":5}},"4":{"start":{"line":18,"column":35},"end":{"line":39,"column":1}},"5":{"start":{"line":18,"column":44},"end":{"line":39,"column":1}},"6":{"start":{"line":19,"column":16},"end":{"line":19,"column":58}},"7":{"start":{"line":20,"column":6},"end":{"line":38,"column":9}},"8":{"start":{"line":32,"column":12},"end":{"line":32,"column":75}},"9":{"start":{"line":35,"column":12},"end":{"line":35,"column":73}}},"fnMap":{"0":{"name":"(anonymous_0)","decl":{"start":{"line":4,"column":36},"end":{"line":4,"column":37}},"loc":{"start":{"line":5,"column":4},"end":{"line":8,"column":5}},"line":5},"1":{"name":"(anonymous_1)","decl":{"start":{"line":11,"column":33},"end":{"line":11,"column":34}},"loc":{"start":{"line":12,"column":4},"end":{"line":15,"column":5}},"line":12},"2":{"name":"(anonymous_2)","decl":{"start":{"line":18,"column":35},"end":{"line":18,"column":36}},"loc":{"start":{"line":18,"column":44},"end":{"line":39,"column":1}},"line":18},"3":{"name":"(anonymous_3)","decl":{"start":{"line":18,"column":44},"end":{"line":18,"column":45}},"loc":{"start":{"line":18,"column":58},"end":{"line":39,"column":1}},"line":18},"4":{"name":"(anonymous_4)","decl":{"start":{"line":31,"column":14},"end":{"line":31,"column":15}},"loc":{"start":{"line":31,"column":26},"end":{"line":33,"column":9}},"line":31},"5":{"name":"(anonymous_5)","decl":{"start":{"line":34,"column":15},"end":{"line":34,"column":16}},"loc":{"start":{"line":34,"column":26},"end":{"line":37,"column":13}},"line":34}},"branchMap":{},"s":{"0":4,"1":1,"2":4,"3":1,"4":4,"5":2,"6":1,"7":1,"8":0,"9":0},"f":{"0":1,"1":1,"2":2,"3":1,"4":0,"5":0},"b":{},"_coverageSchema":"43e27e138ebf9cfc5966b082cf9a028302ed4184","hash":"353e66f4cef7937d76883315c5132e301d399f5b"}
,"/Users/manzedebenard/Desktop/Andela/front-fix/ah-frontend-valkyrie/src/actions/SignupAction.js": {"path":"/Users/manzedebenard/Desktop/Andela/front-fix/ah-frontend-valkyrie/src/actions/SignupAction.js","statementMap":{"0":{"start":{"line":3,"column":26},"end":{"line":6,"column":2}},"1":{"start":{"line":3,"column":35},"end":{"line":6,"column":1}},"2":{"start":{"line":8,"column":29},"end":{"line":11,"column":2}},"3":{"start":{"line":8,"column":42},"end":{"line":11,"column":1}},"4":{"start":{"line":13,"column":22},"end":{"line":43,"column":1}},"5":{"start":{"line":14,"column":19},"end":{"line":14,"column":57}},"6":{"start":{"line":15,"column":2},"end":{"line":42,"column":4}},"7":{"start":{"line":16,"column":4},"end":{"line":41,"column":64}},"8":{"start":{"line":28,"column":19},"end":{"line":28,"column":29}},"9":{"start":{"line":30,"column":8},"end":{"line":39,"column":9}},"10":{"start":{"line":31,"column":10},"end":{"line":31,"column":49}},"11":{"start":{"line":33,"column":10},"end":{"line":33,"column":54}},"12":{"start":{"line":34,"column":10},"end":{"line":34,"column":67}},"13":{"start":{"line":35,"column":10},"end":{"line":35,"column":145}},"14":{"start":{"line":36,"column":10},"end":{"line":36,"column":68}},"15":{"start":{"line":38,"column":10},"end":{"line":38,"column":48}},"16":{"start":{"line":41,"column":25},"end":{"line":41,"column":62}}},"fnMap":{"0":{"name":"(anonymous_0)","decl":{"start":{"line":3,"column":26},"end":{"line":3,"column":27}},"loc":{"start":{"line":3,"column":35},"end":{"line":6,"column":1}},"line":3},"1":{"name":"(anonymous_1)","decl":{"start":{"line":8,"column":29},"end":{"line":8,"column":30}},"loc":{"start":{"line":8,"column":42},"end":{"line":11,"column":1}},"line":8},"2":{"name":"(anonymous_2)","decl":{"start":{"line":13,"column":22},"end":{"line":13,"column":23}},"loc":{"start":{"line":13,"column":32},"end":{"line":43,"column":1}},"line":13},"3":{"name":"(anonymous_3)","decl":{"start":{"line":15,"column":9},"end":{"line":15,"column":10}},"loc":{"start":{"line":15,"column":29},"end":{"line":42,"column":3}},"line":15},"4":{"name":"(anonymous_4)","decl":{"start":{"line":28,"column":12},"end":{"line":28,"column":13}},"loc":{"start":{"line":28,"column":19},"end":{"line":28,"column":29}},"line":28},"5":{"name":"(anonymous_5)","decl":{"start":{"line":29,"column":12},"end":{"line":29,"column":13}},"loc":{"start":{"line":29,"column":26},"end":{"line":40,"column":7}},"line":29},"6":{"name":"(anonymous_6)","decl":{"start":{"line":41,"column":13},"end":{"line":41,"column":14}},"loc":{"start":{"line":41,"column":25},"end":{"line":41,"column":62}},"line":41}},"branchMap":{"0":{"loc":{"start":{"line":30,"column":8},"end":{"line":39,"column":9}},"type":"if","locations":[{"start":{"line":30,"column":8},"end":{"line":39,"column":9}},{"start":{"line":30,"column":8},"end":{"line":39,"column":9}}],"line":30}},"s":{"0":3,"1":2,"2":3,"3":2,"4":3,"5":2,"6":2,"7":1,"8":1,"9":1,"10":1,"11":1,"12":0,"13":0,"14":0,"15":0,"16":1},"f":{"0":2,"1":2,"2":2,"3":1,"4":1,"5":1,"6":1},"b":{"0":[1,0]},"_coverageSchema":"43e27e138ebf9cfc5966b082cf9a028302ed4184","hash":"1383b946654047d74684ebdfb4a5d2eb7331ea8e"}
,"/Users/manzedebenard/Desktop/Andela/front-fix/ah-frontend-valkyrie/src/actions/actionTypes.js": {"path":"/Users/manzedebenard/Desktop/Andela/front-fix/ah-frontend-valkyrie/src/actions/actionTypes.js","statementMap":{"0":{"start":{"line":1,"column":20},"end":{"line":8,"column":1}}},"fnMap":{},"branchMap":{},"s":{"0":13},"f":{},"b":{},"_coverageSchema":"43e27e138ebf9cfc5966b082cf9a028302ed4184","hash":"1d9e9762ad25c83a1a784a959a3ce6e19e739a2c"}
,"/Users/manzedebenard/Desktop/Andela/front-fix/ah-frontend-valkyrie/src/actions/articleActions.js": {"path":"/Users/manzedebenard/Desktop/Andela/front-fix/ah-frontend-valkyrie/src/actions/articleActions.js","statementMap":{"0":{"start":{"line":3,"column":19},"end":{"line":3,"column":30}},"1":{"start":{"line":5,"column":36},"end":{"line":10,"column":1}},"2":{"start":{"line":6,"column":2},"end":{"line":9,"column":3}},"3":{"start":{"line":12,"column":36},"end":{"line":17,"column":1}},"4":{"start":{"line":13,"column":2},"end":{"line":16,"column":3}},"5":{"start":{"line":19,"column":34},"end":{"line":24,"column":1}},"6":{"start":{"line":20,"column":2},"end":{"line":23,"column":3}},"7":{"start":{"line":26,"column":34},"end":{"line":31,"column":1}},"8":{"start":{"line":27,"column":2},"end":{"line":30,"column":3}},"9":{"start":{"line":33,"column":36},"end":{"line":38,"column":1}},"10":{"start":{"line":34,"column":2},"end":{"line":37,"column":3}},"11":{"start":{"line":40,"column":36},"end":{"line":45,"column":1}},"12":{"start":{"line":41,"column":2},"end":{"line":44,"column":3}},"13":{"start":{"line":47,"column":34},"end":{"line":52,"column":1}},"14":{"start":{"line":48,"column":2},"end":{"line":51,"column":3}},"15":{"start":{"line":54,"column":34},"end":{"line":59,"column":1}},"16":{"start":{"line":55,"column":2},"end":{"line":58,"column":3}},"17":{"start":{"line":61,"column":29},"end":{"line":69,"column":1}},"18":{"start":{"line":61,"column":35},"end":{"line":69,"column":1}},"19":{"start":{"line":62,"column":2},"end":{"line":68,"column":8}},"20":{"start":{"line":64,"column":6},"end":{"line":64,"column":56}},"21":{"start":{"line":67,"column":6},"end":{"line":67,"column":46}},"22":{"start":{"line":71,"column":34},"end":{"line":79,"column":1}},"23":{"start":{"line":71,"column":42},"end":{"line":79,"column":1}},"24":{"start":{"line":72,"column":2},"end":{"line":78,"column":8}},"25":{"start":{"line":74,"column":6},"end":{"line":74,"column":56}},"26":{"start":{"line":77,"column":6},"end":{"line":77,"column":46}},"27":{"start":{"line":81,"column":26},"end":{"line":90,"column":1}},"28":{"start":{"line":81,"column":37},"end":{"line":90,"column":1}},"29":{"start":{"line":82,"column":2},"end":{"line":82,"column":28}},"30":{"start":{"line":83,"column":2},"end":{"line":89,"column":8}},"31":{"start":{"line":85,"column":6},"end":{"line":85,"column":54}},"32":{"start":{"line":88,"column":6},"end":{"line":88,"column":53}},"33":{"start":{"line":92,"column":29},"end":{"line":102,"column":1}},"34":{"start":{"line":92,"column":37},"end":{"line":102,"column":1}},"35":{"start":{"line":93,"column":2},"end":{"line":93,"column":27}},"36":{"start":{"line":94,"column":2},"end":{"line":101,"column":8}},"37":{"start":{"line":96,"column":6},"end":{"line":96,"column":47}},"38":{"start":{"line":99,"column":6},"end":{"line":99,"column":34}},"39":{"start":{"line":100,"column":6},"end":{"line":100,"column":55}},"40":{"start":{"line":104,"column":29},"end":{"line":114,"column":1}},"41":{"start":{"line":104,"column":56},"end":{"line":114,"column":1}},"42":{"start":{"line":105,"column":2},"end":{"line":113,"column":8}},"43":{"start":{"line":107,"column":6},"end":{"line":107,"column":31}},"44":{"start":{"line":108,"column":6},"end":{"line":108,"column":54}},"45":{"start":{"line":111,"column":6},"end":{"line":111,"column":29}},"46":{"start":{"line":112,"column":6},"end":{"line":112,"column":53}}},"fnMap":{"0":{"name":"(anonymous_0)","decl":{"start":{"line":5,"column":36},"end":{"line":5,"column":37}},"loc":{"start":{"line":6,"column":2},"end":{"line":9,"column":3}},"line":6},"1":{"name":"(anonymous_1)","decl":{"start":{"line":12,"column":36},"end":{"line":12,"column":37}},"loc":{"start":{"line":13,"column":2},"end":{"line":16,"column":3}},"line":13},"2":{"name":"(anonymous_2)","decl":{"start":{"line":19,"column":34},"end":{"line":19,"column":35}},"loc":{"start":{"line":20,"column":2},"end":{"line":23,"column":3}},"line":20},"3":{"name":"(anonymous_3)","decl":{"start":{"line":26,"column":34},"end":{"line":26,"column":35}},"loc":{"start":{"line":27,"column":2},"end":{"line":30,"column":3}},"line":27},"4":{"name":"(anonymous_4)","decl":{"start":{"line":33,"column":36},"end":{"line":33,"column":37}},"loc":{"start":{"line":34,"column":2},"end":{"line":37,"column":3}},"line":34},"5":{"name":"(anonymous_5)","decl":{"start":{"line":40,"column":36},"end":{"line":40,"column":37}},"loc":{"start":{"line":41,"column":2},"end":{"line":44,"column":3}},"line":41},"6":{"name":"(anonymous_6)","decl":{"start":{"line":47,"column":34},"end":{"line":47,"column":35}},"loc":{"start":{"line":48,"column":2},"end":{"line":51,"column":3}},"line":48},"7":{"name":"(anonymous_7)","decl":{"start":{"line":54,"column":34},"end":{"line":54,"column":35}},"loc":{"start":{"line":55,"column":2},"end":{"line":58,"column":3}},"line":55},"8":{"name":"(anonymous_8)","decl":{"start":{"line":61,"column":29},"end":{"line":61,"column":30}},"loc":{"start":{"line":61,"column":35},"end":{"line":69,"column":1}},"line":61},"9":{"name":"(anonymous_9)","decl":{"start":{"line":61,"column":35},"end":{"line":61,"column":36}},"loc":{"start":{"line":61,"column":51},"end":{"line":69,"column":1}},"line":61},"10":{"name":"(anonymous_10)","decl":{"start":{"line":63,"column":11},"end":{"line":63,"column":12}},"loc":{"start":{"line":63,"column":27},"end":{"line":65,"column":5}},"line":63},"11":{"name":"(anonymous_11)","decl":{"start":{"line":66,"column":12},"end":{"line":66,"column":13}},"loc":{"start":{"line":66,"column":23},"end":{"line":68,"column":5}},"line":66},"12":{"name":"(anonymous_12)","decl":{"start":{"line":71,"column":34},"end":{"line":71,"column":35}},"loc":{"start":{"line":71,"column":42},"end":{"line":79,"column":1}},"line":71},"13":{"name":"(anonymous_13)","decl":{"start":{"line":71,"column":42},"end":{"line":71,"column":43}},"loc":{"start":{"line":71,"column":58},"end":{"line":79,"column":1}},"line":71},"14":{"name":"(anonymous_14)","decl":{"start":{"line":73,"column":11},"end":{"line":73,"column":12}},"loc":{"start":{"line":73,"column":27},"end":{"line":75,"column":5}},"line":73},"15":{"name":"(anonymous_15)","decl":{"start":{"line":76,"column":12},"end":{"line":76,"column":13}},"loc":{"start":{"line":76,"column":23},"end":{"line":78,"column":5}},"line":76},"16":{"name":"(anonymous_16)","decl":{"start":{"line":81,"column":26},"end":{"line":81,"column":27}},"loc":{"start":{"line":81,"column":37},"end":{"line":90,"column":1}},"line":81},"17":{"name":"(anonymous_17)","decl":{"start":{"line":81,"column":37},"end":{"line":81,"column":38}},"loc":{"start":{"line":81,"column":53},"end":{"line":90,"column":1}},"line":81},"18":{"name":"(anonymous_18)","decl":{"start":{"line":84,"column":11},"end":{"line":84,"column":12}},"loc":{"start":{"line":84,"column":27},"end":{"line":86,"column":5}},"line":84},"19":{"name":"(anonymous_19)","decl":{"start":{"line":87,"column":12},"end":{"line":87,"column":13}},"loc":{"start":{"line":87,"column":23},"end":{"line":89,"column":5}},"line":87},"20":{"name":"(anonymous_20)","decl":{"start":{"line":92,"column":29},"end":{"line":92,"column":30}},"loc":{"start":{"line":92,"column":37},"end":{"line":102,"column":1}},"line":92},"21":{"name":"(anonymous_21)","decl":{"start":{"line":92,"column":37},"end":{"line":92,"column":38}},"loc":{"start":{"line":92,"column":53},"end":{"line":102,"column":1}},"line":92},"22":{"name":"(anonymous_22)","decl":{"start":{"line":95,"column":11},"end":{"line":95,"column":12}},"loc":{"start":{"line":95,"column":22},"end":{"line":97,"column":5}},"line":95},"23":{"name":"(anonymous_23)","decl":{"start":{"line":98,"column":12},"end":{"line":98,"column":13}},"loc":{"start":{"line":98,"column":23},"end":{"line":101,"column":5}},"line":98},"24":{"name":"(anonymous_24)","decl":{"start":{"line":104,"column":29},"end":{"line":104,"column":30}},"loc":{"start":{"line":104,"column":56},"end":{"line":114,"column":1}},"line":104},"25":{"name":"(anonymous_25)","decl":{"start":{"line":104,"column":56},"end":{"line":104,"column":57}},"loc":{"start":{"line":104,"column":72},"end":{"line":114,"column":1}},"line":104},"26":{"name":"(anonymous_26)","decl":{"start":{"line":106,"column":11},"end":{"line":106,"column":12}},"loc":{"start":{"line":106,"column":27},"end":{"line":109,"column":5}},"line":106},"27":{"name":"(anonymous_27)","decl":{"start":{"line":110,"column":12},"end":{"line":110,"column":13}},"loc":{"start":{"line":110,"column":23},"end":{"line":113,"column":5}},"line":110}},"branchMap":{},"s":{"0":6,"1":6,"2":0,"3":6,"4":0,"5":6,"6":0,"7":6,"8":0,"9":6,"10":0,"11":6,"12":0,"13":6,"14":0,"15":6,"16":0,"17":6,"18":1,"19":0,"20":0,"21":0,"22":6,"23":1,"24":0,"25":0,"26":0,"27":6,"28":0,"29":0,"30":0,"31":0,"32":0,"33":6,"34":0,"35":0,"36":0,"37":0,"38":0,"39":0,"40":6,"41":0,"42":0,"43":0,"44":0,"45":0,"46":0},"f":{"0":0,"1":0,"2":0,"3":0,"4":0,"5":0,"6":0,"7":0,"8":1,"9":0,"10":0,"11":0,"12":1,"13":0,"14":0,"15":0,"16":0,"17":0,"18":0,"19":0,"20":0,"21":0,"22":0,"23":0,"24":0,"25":0,"26":0,"27":0},"b":{},"_coverageSchema":"43e27e138ebf9cfc5966b082cf9a028302ed4184","hash":"63aeaa0db3458d0f496e93a528402d501000fcc5"}
,"/Users/manzedebenard/Desktop/Andela/front-fix/ah-frontend-valkyrie/src/actions/index.js": {"path":"/Users/manzedebenard/Desktop/Andela/front-fix/ah-frontend-valkyrie/src/actions/index.js","statementMap":{"0":{"start":{"line":3,"column":15},"end":{"line":6,"column":1}},"1":{"start":{"line":3,"column":21},"end":{"line":6,"column":1}},"2":{"start":{"line":4,"column":2},"end":{"line":4,"column":23}},"3":{"start":{"line":5,"column":2},"end":{"line":5,"column":29}}},"fnMap":{"0":{"name":"(anonymous_0)","decl":{"start":{"line":3,"column":15},"end":{"line":3,"column":16}},"loc":{"start":{"line":3,"column":21},"end":{"line":6,"column":1}},"line":3},"1":{"name":"(anonymous_1)","decl":{"start":{"line":3,"column":21},"end":{"line":3,"column":22}},"loc":{"start":{"line":3,"column":35},"end":{"line":6,"column":1}},"line":3}},"branchMap":{},"s":{"0":2,"1":0,"2":0,"3":0},"f":{"0":0,"1":0},"b":{},"_coverageSchema":"43e27e138ebf9cfc5966b082cf9a028302ed4184","hash":"1769f6f85d3e206a5b43db869f77b01a320062a1"}
,"/Users/manzedebenard/Desktop/Andela/front-fix/ah-frontend-valkyrie/src/actions/loginActions.js": {"path":"/Users/manzedebenard/Desktop/Andela/front-fix/ah-frontend-valkyrie/src/actions/loginActions.js","statementMap":{"0":{"start":{"line":4,"column":33},"end":{"line":4,"column":52}},"1":{"start":{"line":5,"column":33},"end":{"line":5,"column":52}},"2":{"start":{"line":6,"column":31},"end":{"line":6,"column":48}},"3":{"start":{"line":7,"column":32},"end":{"line":7,"column":50}},"4":{"start":{"line":9,"column":31},"end":{"line":9,"column":94}},"5":{"start":{"line":9,"column":50},"end":{"line":9,"column":93}},"6":{"start":{"line":11,"column":28},"end":{"line":11,"column":71}},"7":{"start":{"line":11,"column":37},"end":{"line":11,"column":70}},"8":{"start":{"line":13,"column":29},"end":{"line":13,"column":82}},"9":{"start":{"line":13,"column":44},"end":{"line":13,"column":81}},"10":{"start":{"line":15,"column":30},"end":{"line":15,"column":94}},"11":{"start":{"line":15,"column":50},"end":{"line":15,"column":93}},"12":{"start":{"line":17,"column":21},"end":{"line":44,"column":1}},"13":{"start":{"line":17,"column":42},"end":{"line":44,"column":1}},"14":{"start":{"line":18,"column":14},"end":{"line":18,"column":85}},"15":{"start":{"line":19,"column":15},"end":{"line":24,"column":3}},"16":{"start":{"line":25,"column":22},"end":{"line":32,"column":3}},"17":{"start":{"line":33,"column":2},"end":{"line":33,"column":34}},"18":{"start":{"line":34,"column":2},"end":{"line":43,"column":79}},"19":{"start":{"line":36,"column":6},"end":{"line":36,"column":37}},"20":{"start":{"line":37,"column":24},"end":{"line":37,"column":42}},"21":{"start":{"line":38,"column":6},"end":{"line":38,"column":48}},"22":{"start":{"line":39,"column":26},"end":{"line":39,"column":43}},"23":{"start":{"line":40,"column":6},"end":{"line":40,"column":42}},"24":{"start":{"line":41,"column":6},"end":{"line":41,"column":33}},"25":{"start":{"line":43,"column":20},"end":{"line":43,"column":77}}},"fnMap":{"0":{"name":"(anonymous_0)","decl":{"start":{"line":9,"column":31},"end":{"line":9,"column":32}},"loc":{"start":{"line":9,"column":50},"end":{"line":9,"column":93}},"line":9},"1":{"name":"(anonymous_1)","decl":{"start":{"line":11,"column":28},"end":{"line":11,"column":29}},"loc":{"start":{"line":11,"column":37},"end":{"line":11,"column":70}},"line":11},"2":{"name":"(anonymous_2)","decl":{"start":{"line":13,"column":29},"end":{"line":13,"column":30}},"loc":{"start":{"line":13,"column":44},"end":{"line":13,"column":81}},"line":13},"3":{"name":"(anonymous_3)","decl":{"start":{"line":15,"column":30},"end":{"line":15,"column":31}},"loc":{"start":{"line":15,"column":50},"end":{"line":15,"column":93}},"line":15},"4":{"name":"(anonymous_4)","decl":{"start":{"line":17,"column":21},"end":{"line":17,"column":22}},"loc":{"start":{"line":17,"column":42},"end":{"line":44,"column":1}},"line":17},"5":{"name":"(anonymous_5)","decl":{"start":{"line":17,"column":42},"end":{"line":17,"column":43}},"loc":{"start":{"line":17,"column":56},"end":{"line":44,"column":1}},"line":17},"6":{"name":"(anonymous_6)","decl":{"start":{"line":35,"column":10},"end":{"line":35,"column":11}},"loc":{"start":{"line":35,"column":24},"end":{"line":42,"column":5}},"line":35},"7":{"name":"(anonymous_7)","decl":{"start":{"line":43,"column":11},"end":{"line":43,"column":12}},"loc":{"start":{"line":43,"column":20},"end":{"line":43,"column":77}},"line":43}},"branchMap":{},"s":{"0":8,"1":8,"2":8,"3":8,"4":8,"5":1,"6":8,"7":1,"8":8,"9":1,"10":8,"11":0,"12":8,"13":2,"14":1,"15":1,"16":1,"17":1,"18":1,"19":0,"20":0,"21":0,"22":0,"23":0,"24":0,"25":0},"f":{"0":1,"1":1,"2":1,"3":0,"4":2,"5":1,"6":0,"7":0},"b":{},"_coverageSchema":"43e27e138ebf9cfc5966b082cf9a028302ed4184","hash":"4641ef7946acf623604b78c23eb564836f25cba8"}
,"/Users/manzedebenard/Desktop/Andela/front-fix/ah-frontend-valkyrie/src/actions/profile/index.js": {"path":"/Users/manzedebenard/Desktop/Andela/front-fix/ah-frontend-valkyrie/src/actions/profile/index.js","statementMap":{"0":{"start":{"line":3,"column":29},"end":{"line":3,"column":44}},"1":{"start":{"line":4,"column":37},"end":{"line":4,"column":60}},"2":{"start":{"line":5,"column":37},"end":{"line":5,"column":60}},"3":{"start":{"line":6,"column":38},"end":{"line":6,"column":62}},"4":{"start":{"line":7,"column":38},"end":{"line":7,"column":62}},"5":{"start":{"line":9,"column":19},"end":{"line":9,"column":53}},"6":{"start":{"line":10,"column":14},"end":{"line":10,"column":35}},"7":{"start":{"line":12,"column":33},"end":{"line":14,"column":2}},"8":{"start":{"line":12,"column":40},"end":{"line":14,"column":1}},"9":{"start":{"line":16,"column":35},"end":{"line":19,"column":2}},"10":{"start":{"line":16,"column":47},"end":{"line":19,"column":1}},"11":{"start":{"line":21,"column":35},"end":{"line":24,"column":2}},"12":{"start":{"line":21,"column":45},"end":{"line":24,"column":1}},"13":{"start":{"line":26,"column":34},"end":{"line":28,"column":2}},"14":{"start":{"line":26,"column":41},"end":{"line":28,"column":1}},"15":{"start":{"line":30,"column":36},"end":{"line":33,"column":2}},"16":{"start":{"line":30,"column":45},"end":{"line":33,"column":1}},"17":{"start":{"line":35,"column":36},"end":{"line":38,"column":2}},"18":{"start":{"line":35,"column":46},"end":{"line":38,"column":1}},"19":{"start":{"line":41,"column":2},"end":{"line":43,"column":3}},"20":{"start":{"line":42,"column":4},"end":{"line":42,"column":37}},"21":{"start":{"line":44,"column":2},"end":{"line":44,"column":18}},"22":{"start":{"line":48,"column":2},"end":{"line":67,"column":4}},"23":{"start":{"line":49,"column":4},"end":{"line":49,"column":34}},"24":{"start":{"line":50,"column":4},"end":{"line":66,"column":60}},"25":{"start":{"line":61,"column":19},"end":{"line":61,"column":29}},"26":{"start":{"line":63,"column":8},"end":{"line":63,"column":49}},"27":{"start":{"line":64,"column":8},"end":{"line":64,"column":25}},"28":{"start":{"line":66,"column":22},"end":{"line":66,"column":58}},"29":{"start":{"line":71,"column":2},"end":{"line":93,"column":4}},"30":{"start":{"line":72,"column":4},"end":{"line":72,"column":35}},"31":{"start":{"line":73,"column":4},"end":{"line":92,"column":61}},"32":{"start":{"line":87,"column":19},"end":{"line":87,"column":29}},"33":{"start":{"line":89,"column":8},"end":{"line":89,"column":50}},"34":{"start":{"line":90,"column":8},"end":{"line":90,"column":25}},"35":{"start":{"line":92,"column":22},"end":{"line":92,"column":59}}},"fnMap":{"0":{"name":"(anonymous_0)","decl":{"start":{"line":12,"column":33},"end":{"line":12,"column":34}},"loc":{"start":{"line":12,"column":40},"end":{"line":14,"column":1}},"line":12},"1":{"name":"(anonymous_1)","decl":{"start":{"line":16,"column":35},"end":{"line":16,"column":36}},"loc":{"start":{"line":16,"column":47},"end":{"line":19,"column":1}},"line":16},"2":{"name":"(anonymous_2)","decl":{"start":{"line":21,"column":35},"end":{"line":21,"column":36}},"loc":{"start":{"line":21,"column":45},"end":{"line":24,"column":1}},"line":21},"3":{"name":"(anonymous_3)","decl":{"start":{"line":26,"column":34},"end":{"line":26,"column":35}},"loc":{"start":{"line":26,"column":41},"end":{"line":28,"column":1}},"line":26},"4":{"name":"(anonymous_4)","decl":{"start":{"line":30,"column":36},"end":{"line":30,"column":37}},"loc":{"start":{"line":30,"column":45},"end":{"line":33,"column":1}},"line":30},"5":{"name":"(anonymous_5)","decl":{"start":{"line":35,"column":36},"end":{"line":35,"column":37}},"loc":{"start":{"line":35,"column":46},"end":{"line":38,"column":1}},"line":35},"6":{"name":"handleErrors","decl":{"start":{"line":40,"column":9},"end":{"line":40,"column":21}},"loc":{"start":{"line":40,"column":32},"end":{"line":45,"column":1}},"line":40},"7":{"name":"fetchProfile","decl":{"start":{"line":47,"column":16},"end":{"line":47,"column":28}},"loc":{"start":{"line":47,"column":37},"end":{"line":68,"column":1}},"line":47},"8":{"name":"(anonymous_8)","decl":{"start":{"line":48,"column":9},"end":{"line":48,"column":10}},"loc":{"start":{"line":48,"column":23},"end":{"line":67,"column":3}},"line":48},"9":{"name":"(anonymous_9)","decl":{"start":{"line":61,"column":12},"end":{"line":61,"column":13}},"loc":{"start":{"line":61,"column":19},"end":{"line":61,"column":29}},"line":61},"10":{"name":"(anonymous_10)","decl":{"start":{"line":62,"column":12},"end":{"line":62,"column":13}},"loc":{"start":{"line":62,"column":22},"end":{"line":65,"column":7}},"line":62},"11":{"name":"(anonymous_11)","decl":{"start":{"line":66,"column":13},"end":{"line":66,"column":14}},"loc":{"start":{"line":66,"column":22},"end":{"line":66,"column":58}},"line":66},"12":{"name":"updateProfile","decl":{"start":{"line":70,"column":16},"end":{"line":70,"column":29}},"loc":{"start":{"line":70,"column":44},"end":{"line":94,"column":1}},"line":70},"13":{"name":"(anonymous_13)","decl":{"start":{"line":71,"column":9},"end":{"line":71,"column":10}},"loc":{"start":{"line":71,"column":23},"end":{"line":93,"column":3}},"line":71},"14":{"name":"(anonymous_14)","decl":{"start":{"line":87,"column":12},"end":{"line":87,"column":13}},"loc":{"start":{"line":87,"column":19},"end":{"line":87,"column":29}},"line":87},"15":{"name":"(anonymous_15)","decl":{"start":{"line":88,"column":12},"end":{"line":88,"column":13}},"loc":{"start":{"line":88,"column":22},"end":{"line":91,"column":7}},"line":88},"16":{"name":"(anonymous_16)","decl":{"start":{"line":92,"column":13},"end":{"line":92,"column":14}},"loc":{"start":{"line":92,"column":22},"end":{"line":92,"column":59}},"line":92}},"branchMap":{"0":{"loc":{"start":{"line":41,"column":2},"end":{"line":43,"column":3}},"type":"if","locations":[{"start":{"line":41,"column":2},"end":{"line":43,"column":3}},{"start":{"line":41,"column":2},"end":{"line":43,"column":3}}],"line":41}},"s":{"0":7,"1":7,"2":7,"3":7,"4":7,"5":7,"6":7,"7":7,"8":6,"9":7,"10":1,"11":7,"12":1,"13":7,"14":1,"15":7,"16":1,"17":7,"18":1,"19":0,"20":0,"21":0,"22":6,"23":6,"24":6,"25":0,"26":0,"27":0,"28":0,"29":1,"30":1,"31":1,"32":0,"33":0,"34":0,"35":0},"f":{"0":6,"1":1,"2":1,"3":1,"4":1,"5":1,"6":0,"7":6,"8":6,"9":0,"10":0,"11":0,"12":1,"13":1,"14":0,"15":0,"16":0},"b":{"0":[0,0]},"_coverageSchema":"43e27e138ebf9cfc5966b082cf9a028302ed4184","hash":"f86f1c9f03677bbe3c242f4f66ec6d7f095e9558"}
,"/Users/manzedebenard/Desktop/Andela/front-fix/ah-frontend-valkyrie/src/components/Alert/Alert.js": {"path":"/Users/manzedebenard/Desktop/Andela/front-fix/ah-frontend-valkyrie/src/components/Alert/Alert.js","statementMap":{"0":{"start":{"line":4,"column":14},"end":{"line":6,"column":1}},"1":{"start":{"line":5,"column":2},"end":{"line":5,"column":58}},"2":{"start":{"line":8,"column":0},"end":{"line":11,"column":3}}},"fnMap":{"0":{"name":"(anonymous_0)","decl":{"start":{"line":4,"column":14},"end":{"line":4,"column":15}},"loc":{"start":{"line":5,"column":2},"end":{"line":5,"column":58}},"line":5}},"branchMap":{},"s":{"0":3,"1":0,"2":3},"f":{"0":0},"b":{},"_coverageSchema":"43e27e138ebf9cfc5966b082cf9a028302ed4184","hash":"2ac35d2ba39fad9bf771f87d219109725c101555"}
,"/Users/manzedebenard/Desktop/Andela/front-fix/ah-frontend-valkyrie/src/components/articles/Article.js": {"path":"/Users/manzedebenard/Desktop/Andela/front-fix/ah-frontend-valkyrie/src/components/articles/Article.js","statementMap":{"0":{"start":{"line":9,"column":4},"end":{"line":9,"column":19}},"1":{"start":{"line":10,"column":4},"end":{"line":12,"column":6}},"2":{"start":{"line":16,"column":4},"end":{"line":16,"column":31}},"3":{"start":{"line":20,"column":4},"end":{"line":22,"column":8}},"4":{"start":{"line":26,"column":4},"end":{"line":37,"column":6}},"5":{"start":{"line":31,"column":10},"end":{"line":34,"column":12}},"6":{"start":{"line":41,"column":0},"end":{"line":43,"column":2}},"7":{"start":{"line":45,"column":24},"end":{"line":47,"column":3}},"8":{"start":{"line":45,"column":35},"end":{"line":47,"column":1}}},"fnMap":{"0":{"name":"(anonymous_0)","decl":{"start":{"line":8,"column":2},"end":{"line":8,"column":3}},"loc":{"start":{"line":8,"column":23},"end":{"line":13,"column":3}},"line":8},"1":{"name":"(anonymous_1)","decl":{"start":{"line":15,"column":2},"end":{"line":15,"column":3}},"loc":{"start":{"line":15,"column":22},"end":{"line":17,"column":3}},"line":15},"2":{"name":"(anonymous_2)","decl":{"start":{"line":19,"column":30},"end":{"line":19,"column":31}},"loc":{"start":{"line":19,"column":47},"end":{"line":23,"column":3}},"line":19},"3":{"name":"(anonymous_3)","decl":{"start":{"line":25,"column":2},"end":{"line":25,"column":3}},"loc":{"start":{"line":25,"column":11},"end":{"line":38,"column":3}},"line":25},"4":{"name":"(anonymous_4)","decl":{"start":{"line":30,"column":39},"end":{"line":30,"column":40}},"loc":{"start":{"line":31,"column":10},"end":{"line":34,"column":12}},"line":31},"5":{"name":"(anonymous_5)","decl":{"start":{"line":45,"column":24},"end":{"line":45,"column":25}},"loc":{"start":{"line":45,"column":35},"end":{"line":47,"column":1}},"line":45}},"branchMap":{},"s":{"0":2,"1":2,"2":2,"3":0,"4":3,"5":1,"6":3,"7":3,"8":1},"f":{"0":2,"1":2,"2":0,"3":3,"4":1,"5":1},"b":{},"_coverageSchema":"43e27e138ebf9cfc5966b082cf9a028302ed4184","hash":"6a152c9e6b9749cbfaba77799e91987ae1844cd5"}
,"/Users/manzedebenard/Desktop/Andela/front-fix/ah-frontend-valkyrie/src/components/articles/CreateArticle.js": {"path":"/Users/manzedebenard/Desktop/Andela/front-fix/ah-frontend-valkyrie/src/components/articles/CreateArticle.js","statementMap":{"0":{"start":{"line":14,"column":4},"end":{"line":14,"column":19}},"1":{"start":{"line":15,"column":4},"end":{"line":22,"column":6}},"2":{"start":{"line":24,"column":4},"end":{"line":24,"column":61}},"3":{"start":{"line":25,"column":4},"end":{"line":25,"column":59}},"4":{"start":{"line":26,"column":4},"end":{"line":26,"column":55}},"5":{"start":{"line":30,"column":4},"end":{"line":30,"column":59}},"6":{"start":{"line":34,"column":4},"end":{"line":36,"column":8}},"7":{"start":{"line":40,"column":4},"end":{"line":40,"column":27}},"8":{"start":{"line":41,"column":20},"end":{"line":46,"column":5}},"9":{"start":{"line":47,"column":4},"end":{"line":47,"column":37}},"10":{"start":{"line":51,"column":20},"end":{"line":51,"column":45}},"11":{"start":{"line":52,"column":4},"end":{"line":52,"column":27}},"12":{"start":{"line":53,"column":4},"end":{"line":59,"column":5}},"13":{"start":{"line":54,"column":6},"end":{"line":54,"column":63}},"14":{"start":{"line":55,"column":11},"end":{"line":59,"column":5}},"15":{"start":{"line":56,"column":6},"end":{"line":56,"column":51}},"16":{"start":{"line":58,"column":6},"end":{"line":58,"column":54}},"17":{"start":{"line":63,"column":4},"end":{"line":97,"column":6}},"18":{"start":{"line":101,"column":24},"end":{"line":105,"column":3}},"19":{"start":{"line":101,"column":35},"end":{"line":105,"column":1}}},"fnMap":{"0":{"name":"(anonymous_0)","decl":{"start":{"line":13,"column":2},"end":{"line":13,"column":3}},"loc":{"start":{"line":13,"column":23},"end":{"line":27,"column":3}},"line":13},"1":{"name":"(anonymous_1)","decl":{"start":{"line":29,"column":2},"end":{"line":29,"column":3}},"loc":{"start":{"line":29,"column":23},"end":{"line":31,"column":3}},"line":29},"2":{"name":"(anonymous_2)","decl":{"start":{"line":33,"column":2},"end":{"line":33,"column":3}},"loc":{"start":{"line":33,"column":24},"end":{"line":37,"column":3}},"line":33},"3":{"name":"(anonymous_3)","decl":{"start":{"line":39,"column":2},"end":{"line":39,"column":3}},"loc":{"start":{"line":39,"column":26},"end":{"line":48,"column":3}},"line":39},"4":{"name":"(anonymous_4)","decl":{"start":{"line":50,"column":2},"end":{"line":50,"column":3}},"loc":{"start":{"line":50,"column":41},"end":{"line":60,"column":3}},"line":50},"5":{"name":"(anonymous_5)","decl":{"start":{"line":62,"column":2},"end":{"line":62,"column":3}},"loc":{"start":{"line":62,"column":11},"end":{"line":98,"column":3}},"line":62},"6":{"name":"(anonymous_6)","decl":{"start":{"line":101,"column":24},"end":{"line":101,"column":25}},"loc":{"start":{"line":101,"column":35},"end":{"line":105,"column":1}},"line":101}},"branchMap":{"0":{"loc":{"start":{"line":53,"column":4},"end":{"line":59,"column":5}},"type":"if","locations":[{"start":{"line":53,"column":4},"end":{"line":59,"column":5}},{"start":{"line":53,"column":4},"end":{"line":59,"column":5}}],"line":53},"1":{"loc":{"start":{"line":55,"column":11},"end":{"line":59,"column":5}},"type":"if","locations":[{"start":{"line":55,"column":11},"end":{"line":59,"column":5}},{"start":{"line":55,"column":11},"end":{"line":59,"column":5}}],"line":55},"2":{"loc":{"start":{"line":65,"column":10},"end":{"line":95,"column":9}},"type":"cond-expr","locations":[{"start":{"line":66,"column":10},"end":{"line":83,"column":16}},{"start":{"line":85,"column":10},"end":{"line":94,"column":16}}],"line":65}},"s":{"0":0,"1":0,"2":0,"3":0,"4":0,"5":0,"6":0,"7":0,"8":0,"9":0,"10":0,"11":0,"12":0,"13":0,"14":0,"15":0,"16":0,"17":0,"18":2,"19":0},"f":{"0":0,"1":0,"2":0,"3":0,"4":0,"5":0,"6":0},"b":{"0":[0,0],"1":[0,0],"2":[0,0]},"_coverageSchema":"43e27e138ebf9cfc5966b082cf9a028302ed4184","hash":"feeaff1c8895806bd704740b6452f5258f63216b"}
,"/Users/manzedebenard/Desktop/Andela/front-fix/ah-frontend-valkyrie/src/components/articles/CreateArticleForm.js": {"path":"/Users/manzedebenard/Desktop/Andela/front-fix/ah-frontend-valkyrie/src/components/articles/CreateArticleForm.js","statementMap":{"0":{"start":{"line":7,"column":26},"end":{"line":51,"column":1}},"1":{"start":{"line":8,"column":2},"end":{"line":50,"column":13}},"2":{"start":{"line":53,"column":0},"end":{"line":57,"column":2}}},"fnMap":{"0":{"name":"(anonymous_0)","decl":{"start":{"line":7,"column":26},"end":{"line":7,"column":27}},"loc":{"start":{"line":8,"column":2},"end":{"line":50,"column":13}},"line":8}},"branchMap":{},"s":{"0":3,"1":1,"2":3},"f":{"0":1},"b":{},"_coverageSchema":"43e27e138ebf9cfc5966b082cf9a028302ed4184","hash":"c018941dd5b767fabf5dfaff2818110aa0f11f24"}
,"/Users/manzedebenard/Desktop/Andela/front-fix/ah-frontend-valkyrie/src/components/articles/SingleArticle.js": {"path":"/Users/manzedebenard/Desktop/Andela/front-fix/ah-frontend-valkyrie/src/components/articles/SingleArticle.js","statementMap":{"0":{"start":{"line":14,"column":4},"end":{"line":14,"column":17}},"1":{"start":{"line":15,"column":4},"end":{"line":20,"column":6}},"2":{"start":{"line":21,"column":4},"end":{"line":21,"column":55}},"3":{"start":{"line":25,"column":4},"end":{"line":25,"column":64}},"4":{"start":{"line":29,"column":4},"end":{"line":31,"column":5}},"5":{"start":{"line":30,"column":6},"end":{"line":30,"column":33}},"6":{"start":{"line":32,"column":4},"end":{"line":34,"column":5}},"7":{"start":{"line":33,"column":6},"end":{"line":33,"column":52}},"8":{"start":{"line":35,"column":4},"end":{"line":40,"column":5}},"9":{"start":{"line":36,"column":30},"end":{"line":36,"column":55}},"10":{"start":{"line":37,"column":6},"end":{"line":39,"column":9}},"11":{"start":{"line":44,"column":4},"end":{"line":46,"column":7}},"12":{"start":{"line":47,"column":4},"end":{"line":52,"column":5}},"13":{"start":{"line":49,"column":6},"end":{"line":49,"column":56}},"14":{"start":{"line":51,"column":6},"end":{"line":51,"column":65}},"15":{"start":{"line":57,"column":6},"end":{"line":61,"column":8}},"16":{"start":{"line":64,"column":4},"end":{"line":70,"column":5}},"17":{"start":{"line":65,"column":6},"end":{"line":69,"column":8}},"18":{"start":{"line":71,"column":4},"end":{"line":86,"column":6}},"19":{"start":{"line":90,"column":0},"end":{"line":92,"column":2}},"20":{"start":{"line":94,"column":24},"end":{"line":99,"column":2}},"21":{"start":{"line":94,"column":34},"end":{"line":99,"column":1}}},"fnMap":{"0":{"name":"(anonymous_0)","decl":{"start":{"line":13,"column":2},"end":{"line":13,"column":3}},"loc":{"start":{"line":13,"column":21},"end":{"line":22,"column":3}},"line":13},"1":{"name":"(anonymous_1)","decl":{"start":{"line":24,"column":2},"end":{"line":24,"column":3}},"loc":{"start":{"line":24,"column":22},"end":{"line":26,"column":3}},"line":24},"2":{"name":"(anonymous_2)","decl":{"start":{"line":28,"column":2},"end":{"line":28,"column":3}},"loc":{"start":{"line":28,"column":39},"end":{"line":41,"column":3}},"line":28},"3":{"name":"(anonymous_3)","decl":{"start":{"line":43,"column":2},"end":{"line":43,"column":3}},"loc":{"start":{"line":43,"column":18},"end":{"line":53,"column":3}},"line":43},"4":{"name":"(anonymous_4)","decl":{"start":{"line":55,"column":2},"end":{"line":55,"column":3}},"loc":{"start":{"line":55,"column":11},"end":{"line":87,"column":3}},"line":55},"5":{"name":"(anonymous_5)","decl":{"start":{"line":94,"column":24},"end":{"line":94,"column":25}},"loc":{"start":{"line":94,"column":34},"end":{"line":99,"column":1}},"line":94}},"branchMap":{"0":{"loc":{"start":{"line":29,"column":4},"end":{"line":31,"column":5}},"type":"if","locations":[{"start":{"line":29,"column":4},"end":{"line":31,"column":5}},{"start":{"line":29,"column":4},"end":{"line":31,"column":5}}],"line":29},"1":{"loc":{"start":{"line":32,"column":4},"end":{"line":34,"column":5}},"type":"if","locations":[{"start":{"line":32,"column":4},"end":{"line":34,"column":5}},{"start":{"line":32,"column":4},"end":{"line":34,"column":5}}],"line":32},"2":{"loc":{"start":{"line":32,"column":8},"end":{"line":32,"column":71}},"type":"binary-expr","locations":[{"start":{"line":32,"column":8},"end":{"line":32,"column":41}},{"start":{"line":32,"column":45},"end":{"line":32,"column":71}}],"line":32},"3":{"loc":{"start":{"line":35,"column":4},"end":{"line":40,"column":5}},"type":"if","locations":[{"start":{"line":35,"column":4},"end":{"line":40,"column":5}},{"start":{"line":35,"column":4},"end":{"line":40,"column":5}}],"line":35},"4":{"loc":{"start":{"line":47,"column":4},"end":{"line":52,"column":5}},"type":"if","locations":[{"start":{"line":47,"column":4},"end":{"line":52,"column":5}},{"start":{"line":47,"column":4},"end":{"line":52,"column":5}}],"line":47},"5":{"loc":{"start":{"line":47,"column":8},"end":{"line":48,"column":74}},"type":"binary-expr","locations":[{"start":{"line":47,"column":8},"end":{"line":47,"column":43}},{"start":{"line":48,"column":7},"end":{"line":48,"column":74}}],"line":47},"6":{"loc":{"start":{"line":64,"column":4},"end":{"line":70,"column":5}},"type":"if","locations":[{"start":{"line":64,"column":4},"end":{"line":70,"column":5}},{"start":{"line":64,"column":4},"end":{"line":70,"column":5}}],"line":64}},"s":{"0":2,"1":2,"2":2,"3":2,"4":0,"5":0,"6":0,"7":0,"8":0,"9":0,"10":0,"11":0,"12":0,"13":0,"14":0,"15":2,"16":2,"17":2,"18":2,"19":2,"20":2,"21":1},"f":{"0":2,"1":2,"2":0,"3":0,"4":2,"5":1},"b":{"0":[0,0],"1":[0,0],"2":[0,0],"3":[0,0],"4":[0,0],"5":[0,0],"6":[2,0]},"_coverageSchema":"43e27e138ebf9cfc5966b082cf9a028302ed4184","hash":"0614fa4915582deef8843e0454190c41035b87ed"}
,"/Users/manzedebenard/Desktop/Andela/front-fix/ah-frontend-valkyrie/src/components/articles/SingleArticleItem.js": {"path":"/Users/manzedebenard/Desktop/Andela/front-fix/ah-frontend-valkyrie/src/components/articles/SingleArticleItem.js","statementMap":{"0":{"start":{"line":8,"column":26},"end":{"line":64,"column":1}},"1":{"start":{"line":9,"column":2},"end":{"line":63,"column":13}},"2":{"start":{"line":66,"column":0},"end":{"line":68,"column":2}}},"fnMap":{"0":{"name":"(anonymous_0)","decl":{"start":{"line":8,"column":26},"end":{"line":8,"column":27}},"loc":{"start":{"line":9,"column":2},"end":{"line":63,"column":13}},"line":9}},"branchMap":{},"s":{"0":3,"1":0,"2":3},"f":{"0":0},"b":{},"_coverageSchema":"43e27e138ebf9cfc5966b082cf9a028302ed4184","hash":"d9d8ec989245957f5f0b083d1a770df01b324a0e"}
,"/Users/manzedebenard/Desktop/Andela/front-fix/ah-frontend-valkyrie/src/components/articles/SingleArticleView.js": {"path":"/Users/manzedebenard/Desktop/Andela/front-fix/ah-frontend-valkyrie/src/components/articles/SingleArticleView.js","statementMap":{"0":{"start":{"line":7,"column":26},"end":{"line":77,"column":1}},"1":{"start":{"line":8,"column":2},"end":{"line":76,"column":13}},"2":{"start":{"line":44,"column":8},"end":{"line":51,"column":17}},"3":{"start":{"line":79,"column":0},"end":{"line":82,"column":2}},"4":{"start":{"line":84,"column":24},"end":{"line":86,"column":3}},"5":{"start":{"line":84,"column":35},"end":{"line":86,"column":1}}},"fnMap":{"0":{"name":"(anonymous_0)","decl":{"start":{"line":7,"column":26},"end":{"line":7,"column":27}},"loc":{"start":{"line":8,"column":2},"end":{"line":76,"column":13}},"line":8},"1":{"name":"(anonymous_1)","decl":{"start":{"line":43,"column":34},"end":{"line":43,"column":35}},"loc":{"start":{"line":44,"column":8},"end":{"line":51,"column":17}},"line":44},"2":{"name":"(anonymous_2)","decl":{"start":{"line":84,"column":24},"end":{"line":84,"column":25}},"loc":{"start":{"line":84,"column":35},"end":{"line":86,"column":1}},"line":84}},"branchMap":{"0":{"loc":{"start":{"line":14,"column":10},"end":{"line":30,"column":16}},"type":"cond-expr","locations":[{"start":{"line":16,"column":10},"end":{"line":29,"column":21}},{"start":{"line":30,"column":14},"end":{"line":30,"column":16}}],"line":14},"1":{"loc":{"start":{"line":14,"column":10},"end":{"line":15,"column":67}},"type":"binary-expr","locations":[{"start":{"line":14,"column":10},"end":{"line":14,"column":40}},{"start":{"line":15,"column":11},"end":{"line":15,"column":67}}],"line":14}},"s":{"0":2,"1":0,"2":0,"3":2,"4":2,"5":0},"f":{"0":0,"1":0,"2":0},"b":{"0":[0,0],"1":[0,0]},"_coverageSchema":"43e27e138ebf9cfc5966b082cf9a028302ed4184","hash":"e14b3cb04fb8c5019247024e540b15c2995ce828"}
,"/Users/manzedebenard/Desktop/Andela/front-fix/ah-frontend-valkyrie/src/components/articles/UpdateArticle.js": {"path":"/Users/manzedebenard/Desktop/Andela/front-fix/ah-frontend-valkyrie/src/components/articles/UpdateArticle.js","statementMap":{"0":{"start":{"line":15,"column":4},"end":{"line":15,"column":19}},"1":{"start":{"line":16,"column":4},"end":{"line":23,"column":6}},"2":{"start":{"line":25,"column":4},"end":{"line":25,"column":59}},"3":{"start":{"line":26,"column":4},"end":{"line":26,"column":59}},"4":{"start":{"line":27,"column":4},"end":{"line":27,"column":55}},"5":{"start":{"line":31,"column":4},"end":{"line":31,"column":66}},"6":{"start":{"line":35,"column":24},"end":{"line":35,"column":41}},"7":{"start":{"line":36,"column":4},"end":{"line":39,"column":5}},"8":{"start":{"line":37,"column":6},"end":{"line":37,"column":38}},"9":{"start":{"line":38,"column":6},"end":{"line":38,"column":35}},"10":{"start":{"line":40,"column":4},"end":{"line":42,"column":5}},"11":{"start":{"line":41,"column":6},"end":{"line":41,"column":54}},"12":{"start":{"line":46,"column":4},"end":{"line":46,"column":67}},"13":{"start":{"line":50,"column":4},"end":{"line":52,"column":8}},"14":{"start":{"line":56,"column":4},"end":{"line":56,"column":27}},"15":{"start":{"line":57,"column":20},"end":{"line":63,"column":5}},"16":{"start":{"line":64,"column":4},"end":{"line":66,"column":8}},"17":{"start":{"line":67,"column":4},"end":{"line":67,"column":65}},"18":{"start":{"line":71,"column":4},"end":{"line":118,"column":6}},"19":{"start":{"line":122,"column":24},"end":{"line":127,"column":3}},"20":{"start":{"line":122,"column":35},"end":{"line":127,"column":1}}},"fnMap":{"0":{"name":"(anonymous_0)","decl":{"start":{"line":14,"column":2},"end":{"line":14,"column":3}},"loc":{"start":{"line":14,"column":23},"end":{"line":28,"column":3}},"line":14},"1":{"name":"(anonymous_1)","decl":{"start":{"line":30,"column":2},"end":{"line":30,"column":3}},"loc":{"start":{"line":30,"column":22},"end":{"line":32,"column":3}},"line":30},"2":{"name":"(anonymous_2)","decl":{"start":{"line":34,"column":2},"end":{"line":34,"column":3}},"loc":{"start":{"line":34,"column":41},"end":{"line":43,"column":3}},"line":34},"3":{"name":"(anonymous_3)","decl":{"start":{"line":45,"column":2},"end":{"line":45,"column":3}},"loc":{"start":{"line":45,"column":26},"end":{"line":47,"column":3}},"line":45},"4":{"name":"(anonymous_4)","decl":{"start":{"line":49,"column":2},"end":{"line":49,"column":3}},"loc":{"start":{"line":49,"column":24},"end":{"line":53,"column":3}},"line":49},"5":{"name":"(anonymous_5)","decl":{"start":{"line":55,"column":2},"end":{"line":55,"column":3}},"loc":{"start":{"line":55,"column":26},"end":{"line":68,"column":3}},"line":55},"6":{"name":"(anonymous_6)","decl":{"start":{"line":70,"column":2},"end":{"line":70,"column":3}},"loc":{"start":{"line":70,"column":11},"end":{"line":119,"column":3}},"line":70},"7":{"name":"(anonymous_7)","decl":{"start":{"line":122,"column":24},"end":{"line":122,"column":25}},"loc":{"start":{"line":122,"column":35},"end":{"line":127,"column":1}},"line":122}},"branchMap":{"0":{"loc":{"start":{"line":36,"column":4},"end":{"line":39,"column":5}},"type":"if","locations":[{"start":{"line":36,"column":4},"end":{"line":39,"column":5}},{"start":{"line":36,"column":4},"end":{"line":39,"column":5}}],"line":36},"1":{"loc":{"start":{"line":40,"column":4},"end":{"line":42,"column":5}},"type":"if","locations":[{"start":{"line":40,"column":4},"end":{"line":42,"column":5}},{"start":{"line":40,"column":4},"end":{"line":42,"column":5}}],"line":40},"2":{"loc":{"start":{"line":40,"column":9},"end":{"line":40,"column":78}},"type":"binary-expr","locations":[{"start":{"line":40,"column":9},"end":{"line":40,"column":33}},{"start":{"line":40,"column":37},"end":{"line":40,"column":78}}],"line":40},"3":{"loc":{"start":{"line":61,"column":15},"end":{"line":62,"column":67}},"type":"cond-expr","locations":[{"start":{"line":62,"column":10},"end":{"line":62,"column":38}},{"start":{"line":62,"column":41},"end":{"line":62,"column":67}}],"line":61},"4":{"loc":{"start":{"line":73,"column":10},"end":{"line":115,"column":9}},"type":"cond-expr","locations":[{"start":{"line":74,"column":10},"end":{"line":100,"column":16}},{"start":{"line":102,"column":10},"end":{"line":114,"column":16}}],"line":73},"5":{"loc":{"start":{"line":78,"column":19},"end":{"line":91,"column":19}},"type":"cond-expr","locations":[{"start":{"line":79,"column":20},"end":{"line":86,"column":26}},{"start":{"line":88,"column":20},"end":{"line":90,"column":26}}],"line":78}},"s":{"0":0,"1":0,"2":0,"3":0,"4":0,"5":0,"6":0,"7":0,"8":0,"9":0,"10":0,"11":0,"12":0,"13":0,"14":0,"15":0,"16":0,"17":0,"18":0,"19":2,"20":0},"f":{"0":0,"1":0,"2":0,"3":0,"4":0,"5":0,"6":0,"7":0},"b":{"0":[0,0],"1":[0,0],"2":[0,0],"3":[0,0],"4":[0,0],"5":[0,0]},"_coverageSchema":"43e27e138ebf9cfc5966b082cf9a028302ed4184","hash":"0e7b03b0c5cf6ac5dadc169dfba922f87fa1725e"}
,"/Users/manzedebenard/Desktop/Andela/front-fix/ah-frontend-valkyrie/src/components/articles/UpdateArticleForm.js": {"path":"/Users/manzedebenard/Desktop/Andela/front-fix/ah-frontend-valkyrie/src/components/articles/UpdateArticleForm.js","statementMap":{"0":{"start":{"line":7,"column":26},"end":{"line":60,"column":1}},"1":{"start":{"line":8,"column":2},"end":{"line":59,"column":13}},"2":{"start":{"line":62,"column":0},"end":{"line":66,"column":2}}},"fnMap":{"0":{"name":"(anonymous_0)","decl":{"start":{"line":7,"column":26},"end":{"line":7,"column":27}},"loc":{"start":{"line":8,"column":2},"end":{"line":59,"column":13}},"line":8}},"branchMap":{"0":{"loc":{"start":{"line":49,"column":27},"end":{"line":49,"column":107}},"type":"cond-expr","locations":[{"start":{"line":49,"column":51},"end":{"line":49,"column":83}},{"start":{"line":49,"column":86},"end":{"line":49,"column":107}}],"line":49}},"s":{"0":3,"1":1,"2":3},"f":{"0":1},"b":{"0":[1,0]},"_coverageSchema":"43e27e138ebf9cfc5966b082cf9a028302ed4184","hash":"25777a0ac23cc4fe7ebfb0052622a83607b0ad92"}
,"/Users/manzedebenard/Desktop/Andela/front-fix/ah-frontend-valkyrie/src/components/auth/Login.js": {"path":"/Users/manzedebenard/Desktop/Andela/front-fix/ah-frontend-valkyrie/src/components/auth/Login.js","statementMap":{"0":{"start":{"line":12,"column":4},"end":{"line":12,"column":17}},"1":{"start":{"line":13,"column":4},"end":{"line":13,"column":20}},"2":{"start":{"line":17,"column":4},"end":{"line":17,"column":27}},"3":{"start":{"line":18,"column":32},"end":{"line":18,"column":42}},"4":{"start":{"line":19,"column":4},"end":{"line":19,"column":40}},"5":{"start":{"line":24,"column":32},"end":{"line":24,"column":42}},"6":{"start":{"line":25,"column":43},"end":{"line":25,"column":53}},"7":{"start":{"line":26,"column":4},"end":{"line":42,"column":6}},"8":{"start":{"line":46,"column":25},"end":{"line":55,"column":1}},"9":{"start":{"line":47,"column":2},"end":{"line":54,"column":8}},"10":{"start":{"line":57,"column":37},"end":{"line":73,"column":1}},"11":{"start":{"line":58,"column":2},"end":{"line":72,"column":8}},"12":{"start":{"line":75,"column":0},"end":{"line":77,"column":2}},"13":{"start":{"line":79,"column":0},"end":{"line":83,"column":4}},"14":{"start":{"line":85,"column":0},"end":{"line":87,"column":2}},"15":{"start":{"line":89,"column":24},"end":{"line":94,"column":2}},"16":{"start":{"line":89,"column":35},"end":{"line":94,"column":1}},"17":{"start":{"line":96,"column":27},"end":{"line":98,"column":2}},"18":{"start":{"line":96,"column":40},"end":{"line":98,"column":1}},"19":{"start":{"line":97,"column":30},"end":{"line":97,"column":62}}},"fnMap":{"0":{"name":"(anonymous_0)","decl":{"start":{"line":11,"column":2},"end":{"line":11,"column":3}},"loc":{"start":{"line":11,"column":21},"end":{"line":14,"column":3}},"line":11},"1":{"name":"(anonymous_1)","decl":{"start":{"line":16,"column":13},"end":{"line":16,"column":14}},"loc":{"start":{"line":16,"column":26},"end":{"line":20,"column":3}},"line":16},"2":{"name":"(anonymous_2)","decl":{"start":{"line":23,"column":2},"end":{"line":23,"column":3}},"loc":{"start":{"line":23,"column":11},"end":{"line":43,"column":3}},"line":23},"3":{"name":"(anonymous_3)","decl":{"start":{"line":46,"column":25},"end":{"line":46,"column":26}},"loc":{"start":{"line":47,"column":2},"end":{"line":54,"column":8}},"line":47},"4":{"name":"(anonymous_4)","decl":{"start":{"line":57,"column":37},"end":{"line":57,"column":38}},"loc":{"start":{"line":58,"column":2},"end":{"line":72,"column":8}},"line":58},"5":{"name":"(anonymous_5)","decl":{"start":{"line":89,"column":24},"end":{"line":89,"column":25}},"loc":{"start":{"line":89,"column":35},"end":{"line":94,"column":1}},"line":89},"6":{"name":"(anonymous_6)","decl":{"start":{"line":96,"column":27},"end":{"line":96,"column":28}},"loc":{"start":{"line":96,"column":40},"end":{"line":98,"column":1}},"line":96},"7":{"name":"(anonymous_7)","decl":{"start":{"line":97,"column":9},"end":{"line":97,"column":10}},"loc":{"start":{"line":97,"column":30},"end":{"line":97,"column":62}},"line":97}},"branchMap":{},"s":{"0":1,"1":1,"2":1,"3":1,"4":1,"5":2,"6":2,"7":2,"8":3,"9":2,"10":3,"11":2,"12":3,"13":3,"14":3,"15":3,"16":1,"17":3,"18":1,"19":1},"f":{"0":1,"1":1,"2":2,"3":2,"4":2,"5":1,"6":1,"7":1},"b":{},"_coverageSchema":"43e27e138ebf9cfc5966b082cf9a028302ed4184","hash":"a4766e400d53715f2be3eec531e64ce174e76a0b"}
,"/Users/manzedebenard/Desktop/Andela/front-fix/ah-frontend-valkyrie/src/components/auth/Register.js": {"path":"/Users/manzedebenard/Desktop/Andela/front-fix/ah-frontend-valkyrie/src/components/auth/Register.js","statementMap":{"0":{"start":{"line":13,"column":4},"end":{"line":13,"column":17}},"1":{"start":{"line":14,"column":4},"end":{"line":21,"column":6}},"2":{"start":{"line":22,"column":4},"end":{"line":22,"column":45}},"3":{"start":{"line":23,"column":4},"end":{"line":23,"column":45}},"4":{"start":{"line":27,"column":4},"end":{"line":29,"column":5}},"5":{"start":{"line":28,"column":6},"end":{"line":28,"column":50}},"6":{"start":{"line":33,"column":4},"end":{"line":42,"column":5}},"7":{"start":{"line":34,"column":27},"end":{"line":34,"column":37}},"8":{"start":{"line":35,"column":6},"end":{"line":41,"column":7}},"9":{"start":{"line":36,"column":8},"end":{"line":36,"column":42}},"10":{"start":{"line":37,"column":8},"end":{"line":37,"column":67}},"11":{"start":{"line":39,"column":8},"end":{"line":39,"column":43}},"12":{"start":{"line":40,"column":8},"end":{"line":40,"column":66}},"13":{"start":{"line":43,"column":4},"end":{"line":43,"column":55}},"14":{"start":{"line":44,"column":4},"end":{"line":44,"column":28}},"15":{"start":{"line":48,"column":4},"end":{"line":48,"column":23}},"16":{"start":{"line":49,"column":21},"end":{"line":53,"column":5}},"17":{"start":{"line":54,"column":4},"end":{"line":54,"column":32}},"18":{"start":{"line":58,"column":23},"end":{"line":58,"column":33}},"19":{"start":{"line":59,"column":4},"end":{"line":59,"column":24}},"20":{"start":{"line":60,"column":17},"end":{"line":60,"column":23}},"21":{"start":{"line":61,"column":18},"end":{"line":61,"column":25}},"22":{"start":{"line":63,"column":4},"end":{"line":100,"column":6}},"23":{"start":{"line":104,"column":21},"end":{"line":104,"column":29}},"24":{"start":{"line":106,"column":0},"end":{"line":111,"column":2}},"25":{"start":{"line":113,"column":24},"end":{"line":115,"column":2}},"26":{"start":{"line":113,"column":34},"end":{"line":115,"column":1}}},"fnMap":{"0":{"name":"(anonymous_0)","decl":{"start":{"line":12,"column":2},"end":{"line":12,"column":3}},"loc":{"start":{"line":12,"column":21},"end":{"line":24,"column":3}},"line":12},"1":{"name":"(anonymous_1)","decl":{"start":{"line":26,"column":2},"end":{"line":26,"column":3}},"loc":{"start":{"line":26,"column":39},"end":{"line":30,"column":3}},"line":26},"2":{"name":"(anonymous_2)","decl":{"start":{"line":32,"column":13},"end":{"line":32,"column":14}},"loc":{"start":{"line":32,"column":20},"end":{"line":45,"column":3}},"line":32},"3":{"name":"(anonymous_3)","decl":{"start":{"line":47,"column":2},"end":{"line":47,"column":3}},"loc":{"start":{"line":47,"column":14},"end":{"line":55,"column":3}},"line":47},"4":{"name":"(anonymous_4)","decl":{"start":{"line":57,"column":2},"end":{"line":57,"column":3}},"loc":{"start":{"line":57,"column":11},"end":{"line":101,"column":3}},"line":57},"5":{"name":"(anonymous_5)","decl":{"start":{"line":104,"column":21},"end":{"line":104,"column":22}},"loc":{"start":{"line":104,"column":27},"end":{"line":104,"column":29}},"line":104},"6":{"name":"(anonymous_6)","decl":{"start":{"line":113,"column":24},"end":{"line":113,"column":25}},"loc":{"start":{"line":113,"column":34},"end":{"line":115,"column":1}},"line":113}},"branchMap":{"0":{"loc":{"start":{"line":27,"column":4},"end":{"line":29,"column":5}},"type":"if","locations":[{"start":{"line":27,"column":4},"end":{"line":29,"column":5}},{"start":{"line":27,"column":4},"end":{"line":29,"column":5}}],"line":27},"1":{"loc":{"start":{"line":33,"column":4},"end":{"line":42,"column":5}},"type":"if","locations":[{"start":{"line":33,"column":4},"end":{"line":42,"column":5}},{"start":{"line":33,"column":4},"end":{"line":42,"column":5}}],"line":33},"2":{"loc":{"start":{"line":35,"column":6},"end":{"line":41,"column":7}},"type":"if","locations":[{"start":{"line":35,"column":6},"end":{"line":41,"column":7}},{"start":{"line":35,"column":6},"end":{"line":41,"column":7}}],"line":35}},"s":{"0":1,"1":1,"2":1,"3":1,"4":0,"5":0,"6":1,"7":0,"8":0,"9":0,"10":0,"11":0,"12":0,"13":1,"14":1,"15":1,"16":1,"17":1,"18":2,"19":2,"20":2,"21":2,"22":2,"23":2,"24":2,"25":2,"26":1},"f":{"0":1,"1":0,"2":1,"3":1,"4":2,"5":0,"6":1},"b":{"0":[0,0],"1":[0,1],"2":[0,0]},"_coverageSchema":"43e27e138ebf9cfc5966b082cf9a028302ed4184","hash":"5bb99c6c52f216d916381ed9030324422ed52b46"}
,"/Users/manzedebenard/Desktop/Andela/front-fix/ah-frontend-valkyrie/src/components/auth/RegisterForm.js": {"path":"/Users/manzedebenard/Desktop/Andela/front-fix/ah-frontend-valkyrie/src/components/auth/RegisterForm.js","statementMap":{"0":{"start":{"line":4,"column":21},"end":{"line":56,"column":1}},"1":{"start":{"line":7,"column":2},"end":{"line":55,"column":9}}},"fnMap":{"0":{"name":"(anonymous_0)","decl":{"start":{"line":4,"column":21},"end":{"line":4,"column":22}},"loc":{"start":{"line":7,"column":2},"end":{"line":55,"column":9}},"line":7}},"branchMap":{"0":{"loc":{"start":{"line":15,"column":13},"end":{"line":15,"column":50}},"type":"binary-expr","locations":[{"start":{"line":15,"column":13},"end":{"line":15,"column":28}},{"start":{"line":15,"column":32},"end":{"line":15,"column":50}}],"line":15},"1":{"loc":{"start":{"line":24,"column":13},"end":{"line":24,"column":44}},"type":"binary-expr","locations":[{"start":{"line":24,"column":13},"end":{"line":24,"column":25}},{"start":{"line":24,"column":29},"end":{"line":24,"column":44}}],"line":24},"2":{"loc":{"start":{"line":33,"column":13},"end":{"line":33,"column":50}},"type":"binary-expr","locations":[{"start":{"line":33,"column":13},"end":{"line":33,"column":28}},{"start":{"line":33,"column":32},"end":{"line":33,"column":50}}],"line":33},"3":{"loc":{"start":{"line":42,"column":13},"end":{"line":42,"column":50}},"type":"binary-expr","locations":[{"start":{"line":42,"column":13},"end":{"line":42,"column":28}},{"start":{"line":42,"column":32},"end":{"line":42,"column":50}}],"line":42}},"s":{"0":2,"1":2},"f":{"0":2},"b":{"0":[2,0],"1":[2,0],"2":[2,0],"3":[2,0]},"_coverageSchema":"43e27e138ebf9cfc5966b082cf9a028302ed4184","hash":"d728bb3be53bee9306bf73e470d5d2d9f007df1d"}
,"/Users/manzedebenard/Desktop/Andela/front-fix/ah-frontend-valkyrie/src/components/auth/change_password.js": {"path":"/Users/manzedebenard/Desktop/Andela/front-fix/ah-frontend-valkyrie/src/components/auth/change_password.js","statementMap":{"0":{"start":{"line":11,"column":4},"end":{"line":11,"column":17}},"1":{"start":{"line":12,"column":4},"end":{"line":17,"column":5}},"2":{"start":{"line":18,"column":4},"end":{"line":18,"column":53}},"3":{"start":{"line":19,"column":4},"end":{"line":19,"column":57}},"4":{"start":{"line":23,"column":16},"end":{"line":23,"column":35}},"5":{"start":{"line":24,"column":17},"end":{"line":24,"column":37}},"6":{"start":{"line":25,"column":4},"end":{"line":34,"column":5}},"7":{"start":{"line":26,"column":6},"end":{"line":33,"column":7}},"8":{"start":{"line":27,"column":8},"end":{"line":27,"column":72}},"9":{"start":{"line":28,"column":8},"end":{"line":28,"column":39}},"10":{"start":{"line":31,"column":8},"end":{"line":31,"column":71}},"11":{"start":{"line":32,"column":8},"end":{"line":32,"column":40}},"12":{"start":{"line":35,"column":4},"end":{"line":37,"column":7}},"13":{"start":{"line":41,"column":4},"end":{"line":41,"column":23}},"14":{"start":{"line":42,"column":21},"end":{"line":42,"column":40}},"15":{"start":{"line":43,"column":22},"end":{"line":43,"column":45}},"16":{"start":{"line":44,"column":4},"end":{"line":44,"column":53}},"17":{"start":{"line":45,"column":4},"end":{"line":45,"column":29}},"18":{"start":{"line":50,"column":4},"end":{"line":50,"column":48}},"19":{"start":{"line":54,"column":23},"end":{"line":54,"column":40}},"20":{"start":{"line":55,"column":4},"end":{"line":100,"column":6}},"21":{"start":{"line":104,"column":0},"end":{"line":107,"column":1}},"22":{"start":{"line":109,"column":24},"end":{"line":114,"column":1}},"23":{"start":{"line":110,"column":2},"end":{"line":113,"column":3}}},"fnMap":{"0":{"name":"(anonymous_0)","decl":{"start":{"line":10,"column":2},"end":{"line":10,"column":3}},"loc":{"start":{"line":10,"column":21},"end":{"line":20,"column":3}},"line":10},"1":{"name":"(anonymous_1)","decl":{"start":{"line":22,"column":2},"end":{"line":22,"column":3}},"loc":{"start":{"line":22,"column":23},"end":{"line":38,"column":3}},"line":22},"2":{"name":"(anonymous_2)","decl":{"start":{"line":40,"column":2},"end":{"line":40,"column":3}},"loc":{"start":{"line":40,"column":17},"end":{"line":47,"column":3}},"line":40},"3":{"name":"(anonymous_3)","decl":{"start":{"line":49,"column":2},"end":{"line":49,"column":3}},"loc":{"start":{"line":49,"column":22},"end":{"line":51,"column":3}},"line":49},"4":{"name":"(anonymous_4)","decl":{"start":{"line":53,"column":1},"end":{"line":53,"column":2}},"loc":{"start":{"line":53,"column":10},"end":{"line":101,"column":3}},"line":53},"5":{"name":"(anonymous_5)","decl":{"start":{"line":109,"column":24},"end":{"line":109,"column":25}},"loc":{"start":{"line":109,"column":35},"end":{"line":114,"column":1}},"line":109}},"branchMap":{"0":{"loc":{"start":{"line":25,"column":4},"end":{"line":34,"column":5}},"type":"if","locations":[{"start":{"line":25,"column":4},"end":{"line":34,"column":5}},{"start":{"line":25,"column":4},"end":{"line":34,"column":5}}],"line":25},"1":{"loc":{"start":{"line":26,"column":6},"end":{"line":33,"column":7}},"type":"if","locations":[{"start":{"line":26,"column":6},"end":{"line":33,"column":7}},{"start":{"line":26,"column":6},"end":{"line":33,"column":7}}],"line":26},"2":{"loc":{"start":{"line":91,"column":16},"end":{"line":94,"column":17}},"type":"binary-expr","locations":[{"start":{"line":91,"column":16},"end":{"line":91,"column":23}},{"start":{"line":92,"column":18},"end":{"line":93,"column":70}}],"line":91},"3":{"loc":{"start":{"line":92,"column":18},"end":{"line":93,"column":70}},"type":"cond-expr","locations":[{"start":{"line":92,"column":63},"end":{"line":92,"column":117}},{"start":{"line":93,"column":18},"end":{"line":93,"column":70}}],"line":92}},"s":{"0":1,"1":1,"2":1,"3":1,"4":1,"5":1,"6":1,"7":0,"8":0,"9":0,"10":0,"11":0,"12":1,"13":1,"14":1,"15":1,"16":1,"17":1,"18":1,"19":3,"20":3,"21":2,"22":2,"23":1},"f":{"0":1,"1":1,"2":1,"3":1,"4":3,"5":1},"b":{"0":[0,1],"1":[0,0],"2":[3,0],"3":[0,0]},"_coverageSchema":"43e27e138ebf9cfc5966b082cf9a028302ed4184","hash":"14a26d3a9d83264334ea578cacf254c8434f74be"}
,"/Users/manzedebenard/Desktop/Andela/front-fix/ah-frontend-valkyrie/src/components/auth/reset_password.js": {"path":"/Users/manzedebenard/Desktop/Andela/front-fix/ah-frontend-valkyrie/src/components/auth/reset_password.js","statementMap":{"0":{"start":{"line":13,"column":4},"end":{"line":13,"column":17}},"1":{"start":{"line":14,"column":4},"end":{"line":18,"column":6}},"2":{"start":{"line":19,"column":4},"end":{"line":19,"column":53}},"3":{"start":{"line":20,"column":4},"end":{"line":20,"column":53}},"4":{"start":{"line":24,"column":17},"end":{"line":24,"column":58}},"5":{"start":{"line":28,"column":4},"end":{"line":28,"column":23}},"6":{"start":{"line":29,"column":18},"end":{"line":29,"column":34}},"7":{"start":{"line":30,"column":4},"end":{"line":30,"column":42}},"8":{"start":{"line":31,"column":4},"end":{"line":31,"column":26}},"9":{"start":{"line":35,"column":4},"end":{"line":35,"column":30}},"10":{"start":{"line":39,"column":18},"end":{"line":39,"column":43}},"11":{"start":{"line":40,"column":4},"end":{"line":78,"column":6}},"12":{"start":{"line":83,"column":0},"end":{"line":86,"column":1}},"13":{"start":{"line":88,"column":24},"end":{"line":93,"column":1}},"14":{"start":{"line":89,"column":2},"end":{"line":92,"column":3}}},"fnMap":{"0":{"name":"(anonymous_0)","decl":{"start":{"line":12,"column":2},"end":{"line":12,"column":3}},"loc":{"start":{"line":12,"column":21},"end":{"line":21,"column":3}},"line":12},"1":{"name":"(anonymous_1)","decl":{"start":{"line":23,"column":2},"end":{"line":23,"column":3}},"loc":{"start":{"line":23,"column":21},"end":{"line":25,"column":3}},"line":23},"2":{"name":"(anonymous_2)","decl":{"start":{"line":27,"column":2},"end":{"line":27,"column":3}},"loc":{"start":{"line":27,"column":17},"end":{"line":32,"column":3}},"line":27},"3":{"name":"(anonymous_3)","decl":{"start":{"line":34,"column":2},"end":{"line":34,"column":3}},"loc":{"start":{"line":34,"column":18},"end":{"line":36,"column":3}},"line":34},"4":{"name":"(anonymous_4)","decl":{"start":{"line":38,"column":1},"end":{"line":38,"column":2}},"loc":{"start":{"line":38,"column":10},"end":{"line":79,"column":3}},"line":38},"5":{"name":"(anonymous_5)","decl":{"start":{"line":88,"column":24},"end":{"line":88,"column":25}},"loc":{"start":{"line":88,"column":35},"end":{"line":93,"column":1}},"line":88}},"branchMap":{"0":{"loc":{"start":{"line":66,"column":16},"end":{"line":69,"column":17}},"type":"binary-expr","locations":[{"start":{"line":66,"column":16},"end":{"line":66,"column":23}},{"start":{"line":67,"column":18},"end":{"line":68,"column":70}}],"line":66},"1":{"loc":{"start":{"line":67,"column":18},"end":{"line":68,"column":70}},"type":"cond-expr","locations":[{"start":{"line":67,"column":96},"end":{"line":67,"column":158}},{"start":{"line":68,"column":18},"end":{"line":68,"column":70}}],"line":67}},"s":{"0":1,"1":1,"2":1,"3":1,"4":1,"5":1,"6":1,"7":1,"8":1,"9":1,"10":3,"11":3,"12":2,"13":2,"14":1},"f":{"0":1,"1":1,"2":1,"3":1,"4":3,"5":1},"b":{"0":[3,0],"1":[0,0]},"_coverageSchema":"43e27e138ebf9cfc5966b082cf9a028302ed4184","hash":"21488ea9f88f5f517b5317a314f13ade980ae465"}
,"/Users/manzedebenard/Desktop/Andela/front-fix/ah-frontend-valkyrie/src/components/auth/login/LoginForm.js": {"path":"/Users/manzedebenard/Desktop/Andela/front-fix/ah-frontend-valkyrie/src/components/auth/login/LoginForm.js","statementMap":{"0":{"start":{"line":6,"column":18},"end":{"line":44,"column":1}},"1":{"start":{"line":9,"column":6},"end":{"line":9,"column":11}},"2":{"start":{"line":10,"column":2},"end":{"line":43,"column":4}},"3":{"start":{"line":45,"column":0},"end":{"line":53,"column":2}},"4":{"start":{"line":55,"column":0},"end":{"line":60,"column":2}}},"fnMap":{"0":{"name":"(anonymous_0)","decl":{"start":{"line":6,"column":18},"end":{"line":6,"column":19}},"loc":{"start":{"line":6,"column":29},"end":{"line":44,"column":1}},"line":6}},"branchMap":{"0":{"loc":{"start":{"line":34,"column":7},"end":{"line":39,"column":9}},"type":"binary-expr","locations":[{"start":{"line":34,"column":7},"end":{"line":34,"column":21}},{"start":{"line":36,"column":10},"end":{"line":38,"column":16}}],"line":34},"1":{"loc":{"start":{"line":41,"column":7},"end":{"line":41,"column":79}},"type":"binary-expr","locations":[{"start":{"line":41,"column":7},"end":{"line":41,"column":17}},{"start":{"line":41,"column":21},"end":{"line":41,"column":79}}],"line":41}},"s":{"0":3,"1":2,"2":2,"3":3,"4":3},"f":{"0":2},"b":{"0":[2,0],"1":[2,0]},"_coverageSchema":"43e27e138ebf9cfc5966b082cf9a028302ed4184","hash":"a0921f6e122c1381018c7f77e1de8af478723bbb"}
,"/Users/manzedebenard/Desktop/Andela/front-fix/ah-frontend-valkyrie/src/components/common/Button.js": {"path":"/Users/manzedebenard/Desktop/Andela/front-fix/ah-frontend-valkyrie/src/components/common/Button.js","statementMap":{"0":{"start":{"line":4,"column":15},"end":{"line":9,"column":1}},"1":{"start":{"line":5,"column":2},"end":{"line":8,"column":11}},"2":{"start":{"line":11,"column":0},"end":{"line":16,"column":3}},"3":{"start":{"line":18,"column":0},"end":{"line":22,"column":2}}},"fnMap":{"0":{"name":"(anonymous_0)","decl":{"start":{"line":4,"column":15},"end":{"line":4,"column":16}},"loc":{"start":{"line":5,"column":2},"end":{"line":8,"column":11}},"line":5}},"branchMap":{},"s":{"0":5,"1":13,"2":5,"3":5},"f":{"0":13},"b":{},"_coverageSchema":"43e27e138ebf9cfc5966b082cf9a028302ed4184","hash":"a3b0614732f49dbb8b38222b6768454c56e4d5c6"}
,"/Users/manzedebenard/Desktop/Andela/front-fix/ah-frontend-valkyrie/src/components/common/Modal.js": {"path":"/Users/manzedebenard/Desktop/Andela/front-fix/ah-frontend-valkyrie/src/components/common/Modal.js","statementMap":{"0":{"start":{"line":4,"column":14},"end":{"line":19,"column":1}},"1":{"start":{"line":5,"column":2},"end":{"line":18,"column":8}},"2":{"start":{"line":21,"column":0},"end":{"line":23,"column":3}}},"fnMap":{"0":{"name":"(anonymous_0)","decl":{"start":{"line":4,"column":14},"end":{"line":4,"column":15}},"loc":{"start":{"line":5,"column":2},"end":{"line":18,"column":8}},"line":5}},"branchMap":{},"s":{"0":2,"1":0,"2":2},"f":{"0":0},"b":{},"_coverageSchema":"43e27e138ebf9cfc5966b082cf9a028302ed4184","hash":"243b2e27da2cee158b28ae59b8d225c5c97ae99b"}
,"/Users/manzedebenard/Desktop/Andela/front-fix/ah-frontend-valkyrie/src/components/common/RegisterFields.js": {"path":"/Users/manzedebenard/Desktop/Andela/front-fix/ah-frontend-valkyrie/src/components/common/RegisterFields.js","statementMap":{"0":{"start":{"line":5,"column":23},"end":{"line":37,"column":1}},"1":{"start":{"line":14,"column":2},"end":{"line":36,"column":8}},"2":{"start":{"line":39,"column":0},"end":{"line":48,"column":2}},"3":{"start":{"line":49,"column":0},"end":{"line":53,"column":2}}},"fnMap":{"0":{"name":"(anonymous_0)","decl":{"start":{"line":5,"column":23},"end":{"line":5,"column":24}},"loc":{"start":{"line":14,"column":2},"end":{"line":36,"column":8}},"line":14}},"branchMap":{"0":{"loc":{"start":{"line":31,"column":5},"end":{"line":35,"column":5}},"type":"binary-expr","locations":[{"start":{"line":31,"column":5},"end":{"line":31,"column":10}},{"start":{"line":32,"column":6},"end":{"line":34,"column":12}}],"line":31}},"s":{"0":3,"1":9,"2":3,"3":3},"f":{"0":9},"b":{"0":[9,0]},"_coverageSchema":"43e27e138ebf9cfc5966b082cf9a028302ed4184","hash":"1fb43f1ab6cb5a2287b61ba59663d300d14e3fa9"}
,"/Users/manzedebenard/Desktop/Andela/front-fix/ah-frontend-valkyrie/src/components/common/TextInputField.js": {"path":"/Users/manzedebenard/Desktop/Andela/front-fix/ah-frontend-valkyrie/src/components/common/TextInputField.js","statementMap":{"0":{"start":{"line":4,"column":23},"end":{"line":34,"column":1}},"1":{"start":{"line":15,"column":2},"end":{"line":33,"column":8}},"2":{"start":{"line":36,"column":0},"end":{"line":46,"column":2}},"3":{"start":{"line":48,"column":0},"end":{"line":58,"column":2}}},"fnMap":{"0":{"name":"(anonymous_0)","decl":{"start":{"line":4,"column":23},"end":{"line":4,"column":24}},"loc":{"start":{"line":15,"column":2},"end":{"line":33,"column":8}},"line":15}},"branchMap":{},"s":{"0":8,"1":20,"2":8,"3":8},"f":{"0":20},"b":{},"_coverageSchema":"43e27e138ebf9cfc5966b082cf9a028302ed4184","hash":"af7725e2bd639930a89559a80bb1010dfdb1af65"}
,"/Users/manzedebenard/Desktop/Andela/front-fix/ah-frontend-valkyrie/src/components/layout/Footer.js": {"path":"/Users/manzedebenard/Desktop/Andela/front-fix/ah-frontend-valkyrie/src/components/layout/Footer.js","statementMap":{"0":{"start":{"line":5,"column":4},"end":{"line":5,"column":17}},"1":{"start":{"line":6,"column":4},"end":{"line":6,"column":20}},"2":{"start":{"line":10,"column":4},"end":{"line":16,"column":6}}},"fnMap":{"0":{"name":"(anonymous_0)","decl":{"start":{"line":4,"column":2},"end":{"line":4,"column":3}},"loc":{"start":{"line":4,"column":21},"end":{"line":7,"column":3}},"line":4},"1":{"name":"(anonymous_1)","decl":{"start":{"line":9,"column":2},"end":{"line":9,"column":3}},"loc":{"start":{"line":9,"column":11},"end":{"line":17,"column":3}},"line":9}},"branchMap":{},"s":{"0":10,"1":10,"2":14},"f":{"0":10,"1":14},"b":{},"_coverageSchema":"43e27e138ebf9cfc5966b082cf9a028302ed4184","hash":"7629e3b686de4feb81c60ae8de855157e5bf14df"}
,"/Users/manzedebenard/Desktop/Andela/front-fix/ah-frontend-valkyrie/src/components/layout/Landing.js": {"path":"/Users/manzedebenard/Desktop/Andela/front-fix/ah-frontend-valkyrie/src/components/layout/Landing.js","statementMap":{"0":{"start":{"line":13,"column":4},"end":{"line":13,"column":17}},"1":{"start":{"line":14,"column":4},"end":{"line":14,"column":20}},"2":{"start":{"line":18,"column":23},"end":{"line":18,"column":57}},"3":{"start":{"line":20,"column":4},"end":{"line":52,"column":6}}},"fnMap":{"0":{"name":"(anonymous_0)","decl":{"start":{"line":12,"column":2},"end":{"line":12,"column":3}},"loc":{"start":{"line":12,"column":21},"end":{"line":15,"column":3}},"line":12},"1":{"name":"(anonymous_1)","decl":{"start":{"line":17,"column":2},"end":{"line":17,"column":3}},"loc":{"start":{"line":17,"column":11},"end":{"line":53,"column":3}},"line":17}},"branchMap":{"0":{"loc":{"start":{"line":29,"column":13},"end":{"line":29,"column":53}},"type":"cond-expr","locations":[{"start":{"line":29,"column":36},"end":{"line":29,"column":47}},{"start":{"line":29,"column":51},"end":{"line":29,"column":53}}],"line":29}},"s":{"0":1,"1":1,"2":1,"3":1},"f":{"0":1,"1":1},"b":{"0":[0,1]},"_coverageSchema":"43e27e138ebf9cfc5966b082cf9a028302ed4184","hash":"f7481e94a9617499f952405c6f53756a17462ac5"}
,"/Users/manzedebenard/Desktop/Andela/front-fix/ah-frontend-valkyrie/src/components/layout/Navbar.js": {"path":"/Users/manzedebenard/Desktop/Andela/front-fix/ah-frontend-valkyrie/src/components/layout/Navbar.js","statementMap":{"0":{"start":{"line":16,"column":4},"end":{"line":16,"column":17}},"1":{"start":{"line":17,"column":4},"end":{"line":17,"column":20}},"2":{"start":{"line":18,"column":4},"end":{"line":18,"column":55}},"3":{"start":{"line":22,"column":4},"end":{"line":22,"column":24}},"4":{"start":{"line":23,"column":4},"end":{"line":23,"column":31}},"5":{"start":{"line":27,"column":32},"end":{"line":27,"column":61}},"6":{"start":{"line":28,"column":4},"end":{"line":75,"column":6}},"7":{"start":{"line":78,"column":21},"end":{"line":87,"column":1}},"8":{"start":{"line":79,"column":2},"end":{"line":86,"column":8}},"9":{"start":{"line":89,"column":19},"end":{"line":107,"column":1}},"10":{"start":{"line":90,"column":2},"end":{"line":106,"column":7}},"11":{"start":{"line":109,"column":0},"end":{"line":111,"column":3}},"12":{"start":{"line":112,"column":0},"end":{"line":114,"column":3}},"13":{"start":{"line":115,"column":24},"end":{"line":115,"column":59}},"14":{"start":{"line":115,"column":34},"end":{"line":115,"column":58}}},"fnMap":{"0":{"name":"(anonymous_0)","decl":{"start":{"line":15,"column":2},"end":{"line":15,"column":3}},"loc":{"start":{"line":15,"column":21},"end":{"line":19,"column":3}},"line":15},"1":{"name":"(anonymous_1)","decl":{"start":{"line":21,"column":2},"end":{"line":21,"column":3}},"loc":{"start":{"line":21,"column":18},"end":{"line":24,"column":3}},"line":21},"2":{"name":"(anonymous_2)","decl":{"start":{"line":26,"column":2},"end":{"line":26,"column":3}},"loc":{"start":{"line":26,"column":11},"end":{"line":76,"column":3}},"line":26},"3":{"name":"(anonymous_3)","decl":{"start":{"line":78,"column":21},"end":{"line":78,"column":22}},"loc":{"start":{"line":79,"column":2},"end":{"line":86,"column":8}},"line":79},"4":{"name":"(anonymous_4)","decl":{"start":{"line":89,"column":19},"end":{"line":89,"column":20}},"loc":{"start":{"line":90,"column":2},"end":{"line":106,"column":7}},"line":90},"5":{"name":"(anonymous_5)","decl":{"start":{"line":115,"column":24},"end":{"line":115,"column":25}},"loc":{"start":{"line":115,"column":34},"end":{"line":115,"column":58}},"line":115}},"branchMap":{"0":{"loc":{"start":{"line":49,"column":15},"end":{"line":67,"column":15}},"type":"cond-expr","locations":[{"start":{"line":50,"column":16},"end":{"line":64,"column":21}},{"start":{"line":66,"column":16},"end":{"line":66,"column":30}}],"line":49}},"s":{"0":0,"1":0,"2":0,"3":0,"4":0,"5":0,"6":0,"7":2,"8":0,"9":2,"10":0,"11":2,"12":2,"13":2,"14":0},"f":{"0":0,"1":0,"2":0,"3":0,"4":0,"5":0},"b":{"0":[0,0]},"_coverageSchema":"43e27e138ebf9cfc5966b082cf9a028302ed4184","hash":"84caa38c812e7528af06c5aaf16e31fda0c1ab27"}
[...]
anonymous_2)","decl":{"start":{"line":34,"column":2},"end":{"line":34,"column":3}},"loc":{"start":{"line":34,"column":39},"end":{"line":42,"column":3}},"line":34},"3":{"name":"(anonymous_3)","decl":{"start":{"line":44,"column":2},"end":{"line":44,"column":3}},"loc":{"start":{"line":44,"column":21},"end":{"line":48,"column":3}},"line":44},"4":{"name":"(anonymous_4)","decl":{"start":{"line":50,"column":2},"end":{"line":50,"column":3}},"loc":{"start":{"line":50,"column":22},"end":{"line":54,"column":3}},"line":50},"5":{"name":"(anonymous_5)","decl":{"start":{"line":56,"column":2},"end":{"line":56,"column":3}},"loc":{"start":{"line":56,"column":18},"end":{"line":68,"column":3}},"line":56},"6":{"name":"(anonymous_6)","decl":{"start":{"line":71,"column":2},"end":{"line":71,"column":3}},"loc":{"start":{"line":71,"column":11},"end":{"line":116,"column":3}},"line":71},"7":{"name":"(anonymous_7)","decl":{"start":{"line":124,"column":24},"end":{"line":124,"column":25}},"loc":{"start":{"line":124,"column":34},"end":{"line":128,"column":1}},"line":124}},"branchMap":{"0":{"loc":{"start":{"line":35,"column":4},"end":{"line":41,"column":5}},"type":"if","locations":[{"start":{"line":35,"column":4},"end":{"line":41,"column":5}},{"start":{"line":35,"column":4},"end":{"line":41,"column":5}}],"line":35},"1":{"loc":{"start":{"line":74,"column":4},"end":{"line":80,"column":5}},"type":"if","locations":[{"start":{"line":74,"column":4},"end":{"line":80,"column":5}},{"start":{"line":74,"column":4},"end":{"line":80,"column":5}}],"line":74},"2":{"loc":{"start":{"line":82,"column":4},"end":{"line":88,"column":5}},"type":"if","locations":[{"start":{"line":82,"column":4},"end":{"line":88,"column":5}},{"start":{"line":82,"column":4},"end":{"line":88,"column":5}}],"line":82},"3":{"loc":{"start":{"line":101,"column":11},"end":{"line":107,"column":29}},"type":"cond-expr","locations":[{"start":{"line":102,"column":12},"end":{"line":106,"column":14}},{"start":{"line":107,"column":14},"end":{"line":107,"column":29}}],"line":101}},"s":{"0":9,"1":9,"2":9,"3":9,"4":9,"5":9,"6":1,"7":1,"8":1,"9":1,"10":1,"11":1,"12":1,"13":1,"14":1,"15":1,"16":1,"17":1,"18":0,"19":0,"20":0,"21":13,"22":13,"23":0,"24":13,"25":0,"26":13,"27":2,"28":2,"29":5},"f":{"0":9,"1":9,"2":1,"3":1,"4":1,"5":0,"6":13,"7":5},"b":{"0":[1,0],"1":[0,13],"2":[0,13],"3":[2,11]},"_coverageSchema":"43e27e138ebf9cfc5966b082cf9a028302ed4184","hash":"a5507783de702566ea2258b7fc25564b7c5c0fa9"}
,"/Users/manzedebenard/Desktop/Andela/front-fix/ah-frontend-valkyrie/src/components/profile/ProfileNav.js": {"path":"/Users/manzedebenard/Desktop/Andela/front-fix/ah-frontend-valkyrie/src/components/profile/ProfileNav.js","statementMap":{"0":{"start":{"line":4,"column":19},"end":{"line":23,"column":1}},"1":{"start":{"line":7,"column":2},"end":{"line":22,"column":8}}},"fnMap":{"0":{"name":"(anonymous_0)","decl":{"start":{"line":4,"column":19},"end":{"line":4,"column":20}},"loc":{"start":{"line":7,"column":2},"end":{"line":22,"column":8}},"line":7}},"branchMap":{},"s":{"0":3,"1":14},"f":{"0":14},"b":{},"_coverageSchema":"43e27e138ebf9cfc5966b082cf9a028302ed4184","hash":"e177f1602daac86722c1df460e2f6f78af47ec47"}
,"/Users/manzedebenard/Desktop/Andela/front-fix/ah-frontend-valkyrie/src/components/profile/ProfileTabs.js": {"path":"/Users/manzedebenard/Desktop/Andela/front-fix/ah-frontend-valkyrie/src/components/profile/ProfileTabs.js","statementMap":{"0":{"start":{"line":3,"column":20},"end":{"line":30,"column":1}},"1":{"start":{"line":4,"column":2},"end":{"line":29,"column":8}}},"fnMap":{"0":{"name":"(anonymous_0)","decl":{"start":{"line":3,"column":20},"end":{"line":3,"column":21}},"loc":{"start":{"line":4,"column":2},"end":{"line":29,"column":8}},"line":4}},"branchMap":{},"s":{"0":2,"1":11},"f":{"0":11},"b":{},"_coverageSchema":"43e27e138ebf9cfc5966b082cf9a028302ed4184","hash":"174b5dfa117c0f8319860f1f59008530bcb7e054"}
,"/Users/manzedebenard/Desktop/Andela/front-fix/ah-frontend-valkyrie/src/components/utils/QuilModules.js": {"path":"/Users/manzedebenard/Desktop/Andela/front-fix/ah-frontend-valkyrie/src/components/utils/QuilModules.js","statementMap":{"0":{"start":{"line":1,"column":23},"end":{"line":19,"column":1}}},"fnMap":{},"branchMap":{},"s":{"0":5},"f":{},"b":{},"_coverageSchema":"43e27e138ebf9cfc5966b082cf9a028302ed4184","hash":"987509e361a0e44688a56089c38d22a100348b5a"}
,"/Users/manzedebenard/Desktop/Andela/front-fix/ah-frontend-valkyrie/src/components/utils/http.js": {"path":"/Users/manzedebenard/Desktop/Andela/front-fix/ah-frontend-valkyrie/src/components/utils/http.js","statementMap":{"0":{"start":{"line":4,"column":16},"end":{"line":4,"column":75}},"1":{"start":{"line":6,"column":22},"end":{"line":22,"column":1}},"2":{"start":{"line":7,"column":27},"end":{"line":7,"column":47}},"3":{"start":{"line":8,"column":16},"end":{"line":8,"column":59}},"4":{"start":{"line":9,"column":17},"end":{"line":16,"column":3}},"5":{"start":{"line":18,"column":2},"end":{"line":20,"column":3}},"6":{"start":{"line":19,"column":4},"end":{"line":19,"column":23}},"7":{"start":{"line":21,"column":2},"end":{"line":21,"column":16}},"8":{"start":{"line":24,"column":18},"end":{"line":33,"column":1}},"9":{"start":{"line":25,"column":27},"end":{"line":25,"column":47}},"10":{"start":{"line":26,"column":17},"end":{"line":31,"column":3}},"11":{"start":{"line":32,"column":2},"end":{"line":32,"column":16}},"12":{"start":{"line":35,"column":27},"end":{"line":37,"column":1}},"13":{"start":{"line":35,"column":34},"end":{"line":37,"column":1}},"14":{"start":{"line":39,"column":33},"end":{"line":41,"column":1}},"15":{"start":{"line":39,"column":40},"end":{"line":41,"column":1}},"16":{"start":{"line":43,"column":30},"end":{"line":46,"column":1}},"17":{"start":{"line":43,"column":55},"end":{"line":46,"column":1}},"18":{"start":{"line":48,"column":30},"end":{"line":51,"column":1}},"19":{"start":{"line":48,"column":37},"end":{"line":51,"column":1}},"20":{"start":{"line":53,"column":30},"end":{"line":56,"column":1}},"21":{"start":{"line":53,"column":57},"end":{"line":56,"column":1}}},"fnMap":{"0":{"name":"(anonymous_0)","decl":{"start":{"line":6,"column":22},"end":{"line":6,"column":23}},"loc":{"start":{"line":6,"column":49},"end":{"line":22,"column":1}},"line":6},"1":{"name":"(anonymous_1)","decl":{"start":{"line":24,"column":18},"end":{"line":24,"column":19}},"loc":{"start":{"line":24,"column":32},"end":{"line":33,"column":1}},"line":24},"2":{"name":"(anonymous_2)","decl":{"start":{"line":35,"column":27},"end":{"line":35,"column":28}},"loc":{"start":{"line":35,"column":34},"end":{"line":37,"column":1}},"line":35},"3":{"name":"(anonymous_3)","decl":{"start":{"line":39,"column":33},"end":{"line":39,"column":34}},"loc":{"start":{"line":39,"column":40},"end":{"line":41,"column":1}},"line":39},"4":{"name":"(anonymous_4)","decl":{"start":{"line":43,"column":30},"end":{"line":43,"column":31}},"loc":{"start":{"line":43,"column":55},"end":{"line":46,"column":1}},"line":43},"5":{"name":"(anonymous_5)","decl":{"start":{"line":48,"column":30},"end":{"line":48,"column":31}},"loc":{"start":{"line":48,"column":37},"end":{"line":51,"column":1}},"line":48},"6":{"name":"(anonymous_6)","decl":{"start":{"line":53,"column":30},"end":{"line":53,"column":31}},"loc":{"start":{"line":53,"column":57},"end":{"line":56,"column":1}},"line":53}},"branchMap":{"0":{"loc":{"start":{"line":6,"column":32},"end":{"line":6,"column":43}},"type":"default-arg","locations":[{"start":{"line":6,"column":39},"end":{"line":6,"column":43}}],"line":6},"1":{"loc":{"start":{"line":18,"column":2},"end":{"line":20,"column":3}},"type":"if","locations":[{"start":{"line":18,"column":2},"end":{"line":20,"column":3}},{"start":{"line":18,"column":2},"end":{"line":20,"column":3}}],"line":18}},"s":{"0":6,"1":6,"2":0,"3":0,"4":0,"5":0,"6":0,"7":0,"8":6,"9":0,"10":0,"11":0,"12":6,"13":0,"14":6,"15":0,"16":6,"17":0,"18":6,"19":0,"20":6,"21":0},"f":{"0":0,"1":0,"2":0,"3":0,"4":0,"5":0,"6":0},"b":{"0":[0],"1":[0,0]},"_coverageSchema":"43e27e138ebf9cfc5966b082cf9a028302ed4184","hash":"11ff0b16c29f0ac35e9effee314e03c724f5b0a5"}
,"/Users/manzedebenard/Desktop/Andela/front-fix/ah-frontend-valkyrie/src/components/utils/isEmpty.js": {"path":"/Users/manzedebenard/Desktop/Andela/front-fix/ah-frontend-valkyrie/src/components/utils/isEmpty.js","statementMap":{"0":{"start":{"line":1,"column":16},"end":{"line":8,"column":1}},"1":{"start":{"line":2,"column":2},"end":{"line":6,"column":3}},"2":{"start":{"line":3,"column":4},"end":{"line":5,"column":5}},"3":{"start":{"line":4,"column":6},"end":{"line":4,"column":19}},"4":{"start":{"line":7,"column":2},"end":{"line":7,"column":14}}},"fnMap":{"0":{"name":"(anonymous_0)","decl":{"start":{"line":1,"column":16},"end":{"line":1,"column":17}},"loc":{"start":{"line":1,"column":27},"end":{"line":8,"column":1}},"line":1}},"branchMap":{"0":{"loc":{"start":{"line":3,"column":4},"end":{"line":5,"column":5}},"type":"if","locations":[{"start":{"line":3,"column":4},"end":{"line":5,"column":5}},{"start":{"line":3,"column":4},"end":{"line":5,"column":5}}],"line":3}},"s":{"0":3,"1":2,"2":0,"3":0,"4":2},"f":{"0":2},"b":{"0":[0,0]},"_coverageSchema":"43e27e138ebf9cfc5966b082cf9a028302ed4184","hash":"1ef2eef9ec13fafe069ca7cb0eed962517747d61"}
,"/Users/manzedebenard/Desktop/Andela/front-fix/ah-frontend-valkyrie/src/reducers/articleReducer.js": {"path":"/Users/manzedebenard/Desktop/Andela/front-fix/ah-frontend-valkyrie/src/reducers/articleReducer.js","statementMap":{"0":{"start":{"line":1,"column":28},"end":{"line":4,"column":1}},"1":{"start":{"line":6,"column":23},"end":{"line":48,"column":1}},"2":{"start":{"line":7,"column":2},"end":{"line":47,"column":3}},"3":{"start":{"line":9,"column":6},"end":{"line":11,"column":8}},"4":{"start":{"line":14,"column":6},"end":{"line":16,"column":8}},"5":{"start":{"line":19,"column":6},"end":{"line":21,"column":8}},"6":{"start":{"line":24,"column":6},"end":{"line":26,"column":8}},"7":{"start":{"line":25,"column":65},"end":{"line":25,"column":101}},"8":{"start":{"line":30,"column":6},"end":{"line":32,"column":8}},"9":{"start":{"line":36,"column":6},"end":{"line":36,"column":36}},"10":{"start":{"line":40,"column":6},"end":{"line":42,"column":8}},"11":{"start":{"line":46,"column":6},"end":{"line":46,"column":19}}},"fnMap":{"0":{"name":"(anonymous_0)","decl":{"start":{"line":6,"column":23},"end":{"line":6,"column":24}},"loc":{"start":{"line":6,"column":59},"end":{"line":48,"column":1}},"line":6},"1":{"name":"(anonymous_1)","decl":{"start":{"line":25,"column":54},"end":{"line":25,"column":55}},"loc":{"start":{"line":25,"column":65},"end":{"line":25,"column":101}},"line":25}},"branchMap":{"0":{"loc":{"start":{"line":6,"column":25},"end":{"line":6,"column":45}},"type":"default-arg","locations":[{"start":{"line":6,"column":33},"end":{"line":6,"column":45}}],"line":6},"1":{"loc":{"start":{"line":7,"column":2},"end":{"line":47,"column":3}},"type":"switch","locations":[{"start":{"line":8,"column":4},"end":{"line":11,"column":8}},{"start":{"line":13,"column":4},"end":{"line":16,"column":8}},{"start":{"line":18,"column":4},"end":{"line":21,"column":8}},{"start":{"line":23,"column":4},"end":{"line":27,"column":5}},{"start":{"line":29,"column":4},"end":{"line":33,"column":5}},{"start":{"line":35,"column":4},"end":{"line":43,"column":5}},{"start":{"line":45,"column":4},"end":{"line":46,"column":19}}],"line":7}},"s":{"0":5,"1":5,"2":14,"3":0,"4":0,"5":0,"6":0,"7":0,"8":0,"9":0,"10":0,"11":14},"f":{"0":14,"1":0},"b":{"0":[14],"1":[0,0,0,0,0,0,14]},"_coverageSchema":"43e27e138ebf9cfc5966b082cf9a028302ed4184","hash":"aca66db7f285a444faaff89cccc0844345dca8da"}
,"/Users/manzedebenard/Desktop/Andela/front-fix/ah-frontend-valkyrie/src/reducers/loginRecucer.js": {"path":"/Users/manzedebenard/Desktop/Andela/front-fix/ah-frontend-valkyrie/src/reducers/loginRecucer.js","statementMap":{"0":{"start":{"line":5,"column":21},"end":{"line":10,"column":1}},"1":{"start":{"line":11,"column":21},"end":{"line":33,"column":1}},"2":{"start":{"line":12,"column":2},"end":{"line":32,"column":3}},"3":{"start":{"line":14,"column":4},"end":{"line":16,"column":7}},"4":{"start":{"line":18,"column":4},"end":{"line":18,"column":49}},"5":{"start":{"line":21,"column":4},"end":{"line":24,"column":7}},"6":{"start":{"line":27,"column":4},"end":{"line":29,"column":7}},"7":{"start":{"line":31,"column":4},"end":{"line":31,"column":17}}},"fnMap":{"0":{"name":"(anonymous_0)","decl":{"start":{"line":11,"column":21},"end":{"line":11,"column":22}},"loc":{"start":{"line":11,"column":55},"end":{"line":33,"column":1}},"line":11}},"branchMap":{"0":{"loc":{"start":{"line":11,"column":22},"end":{"line":11,"column":42}},"type":"default-arg","locations":[{"start":{"line":11,"column":30},"end":{"line":11,"column":42}}],"line":11},"1":{"loc":{"start":{"line":12,"column":2},"end":{"line":32,"column":3}},"type":"switch","locations":[{"start":{"line":13,"column":2},"end":{"line":16,"column":7}},{"start":{"line":17,"column":2},"end":{"line":18,"column":49}},{"start":{"line":20,"column":2},"end":{"line":24,"column":7}},{"start":{"line":26,"column":2},"end":{"line":29,"column":7}},{"start":{"line":30,"column":2},"end":{"line":31,"column":17}}],"line":12}},"s":{"0":6,"1":6,"2":18,"3":1,"4":1,"5":0,"6":1,"7":15},"f":{"0":18},"b":{"0":[15],"1":[1,1,0,1,15]},"_coverageSchema":"43e27e138ebf9cfc5966b082cf9a028302ed4184","hash":"9f3e487e3da799345c2c3437f5e4b9b4fbb2fc3e"}
,"/Users/manzedebenard/Desktop/Andela/front-fix/ah-frontend-valkyrie/src/reducers/passwordResetReducer.js": {"path":"/Users/manzedebenard/Desktop/Andela/front-fix/ah-frontend-valkyrie/src/reducers/passwordResetReducer.js","statementMap":{"0":{"start":{"line":3,"column":18},"end":{"line":7,"column":1}},"1":{"start":{"line":9,"column":29},"end":{"line":24,"column":1}},"2":{"start":{"line":10,"column":4},"end":{"line":23,"column":5}},"3":{"start":{"line":12,"column":9},"end":{"line":15,"column":11}},"4":{"start":{"line":17,"column":12},"end":{"line":20,"column":14}},"5":{"start":{"line":22,"column":16},"end":{"line":22,"column":29}}},"fnMap":{"0":{"name":"(anonymous_0)","decl":{"start":{"line":9,"column":29},"end":{"line":9,"column":30}},"loc":{"start":{"line":9,"column":59},"end":{"line":24,"column":1}},"line":9}},"branchMap":{"0":{"loc":{"start":{"line":9,"column":31},"end":{"line":9,"column":46}},"type":"default-arg","locations":[{"start":{"line":9,"column":37},"end":{"line":9,"column":46}}],"line":9},"1":{"loc":{"start":{"line":10,"column":4},"end":{"line":23,"column":5}},"type":"switch","locations":[{"start":{"line":11,"column":8},"end":{"line":15,"column":11}},{"start":{"line":16,"column":9},"end":{"line":20,"column":14}},{"start":{"line":21,"column":12},"end":{"line":22,"column":29}}],"line":10}},"s":{"0":6,"1":6,"2":17,"3":1,"4":1,"5":15},"f":{"0":17},"b":{"0":[17],"1":[1,1,15]},"_coverageSchema":"43e27e138ebf9cfc5966b082cf9a028302ed4184","hash":"48a71fba2048d0df1899241493c12ef0012aa730"}
,"/Users/manzedebenard/Desktop/Andela/front-fix/ah-frontend-valkyrie/src/reducers/rootReducer.js": {"path":"/Users/manzedebenard/Desktop/Andela/front-fix/ah-frontend-valkyrie/src/reducers/rootReducer.js","statementMap":{},"fnMap":{},"branchMap":{},"s":{},"f":{},"b":{},"_coverageSchema":"43e27e138ebf9cfc5966b082cf9a028302ed4184","hash":"f1225b9e5be05fa536f95f0c4a910cc5bec74e1c"}
,"/Users/manzedebenard/Desktop/Andela/front-fix/ah-frontend-valkyrie/src/reducers/signupReducer.js": {"path":"/Users/manzedebenard/Desktop/Andela/front-fix/ah-frontend-valkyrie/src/reducers/signupReducer.js","statementMap":{"0":{"start":{"line":3,"column":21},"end":{"line":6,"column":1}},"1":{"start":{"line":8,"column":2},"end":{"line":21,"column":3}},"2":{"start":{"line":10,"column":4},"end":{"line":13,"column":6}},"3":{"start":{"line":15,"column":4},"end":{"line":18,"column":6}},"4":{"start":{"line":20,"column":4},"end":{"line":20,"column":17}}},"fnMap":{"0":{"name":"(anonymous_0)","decl":{"start":{"line":7,"column":15},"end":{"line":7,"column":16}},"loc":{"start":{"line":7,"column":49},"end":{"line":22,"column":1}},"line":7}},"branchMap":{"0":{"loc":{"start":{"line":7,"column":16},"end":{"line":7,"column":36}},"type":"default-arg","locations":[{"start":{"line":7,"column":24},"end":{"line":7,"column":36}}],"line":7},"1":{"loc":{"start":{"line":8,"column":2},"end":{"line":21,"column":3}},"type":"switch","locations":[{"start":{"line":9,"column":2},"end":{"line":13,"column":6}},{"start":{"line":14,"column":2},"end":{"line":18,"column":6}},{"start":{"line":19,"column":2},"end":{"line":20,"column":17}}],"line":8}},"s":{"0":6,"1":17,"2":1,"3":1,"4":15},"f":{"0":17},"b":{"0":[16],"1":[1,1,15]},"_coverageSchema":"43e27e138ebf9cfc5966b082cf9a028302ed4184","hash":"315131f36c5e2ebafef5503f4c29f3af39e915ed"}
,"/Users/manzedebenard/Desktop/Andela/front-fix/ah-frontend-valkyrie/src/reducers/profile/index.js": {"path":"/Users/manzedebenard/Desktop/Andela/front-fix/ah-frontend-valkyrie/src/reducers/profile/index.js","statementMap":{"0":{"start":{"line":9,"column":21},"end":{"line":13,"column":1}},"1":{"start":{"line":16,"column":2},"end":{"line":56,"column":3}},"2":{"start":{"line":18,"column":4},"end":{"line":22,"column":6}},"3":{"start":{"line":25,"column":4},"end":{"line":29,"column":6}},"4":{"start":{"line":32,"column":4},"end":{"line":37,"column":6}},"5":{"start":{"line":40,"column":4},"end":{"line":44,"column":6}},"6":{"start":{"line":47,"column":4},"end":{"line":52,"column":6}},"7":{"start":{"line":55,"column":4},"end":{"line":55,"column":17}}},"fnMap":{"0":{"name":"profileReducer","decl":{"start":{"line":15,"column":24},"end":{"line":15,"column":38}},"loc":{"start":{"line":15,"column":69},"end":{"line":57,"column":1}},"line":15}},"branchMap":{"0":{"loc":{"start":{"line":15,"column":39},"end":{"line":15,"column":59}},"type":"default-arg","locations":[{"start":{"line":15,"column":47},"end":{"line":15,"column":59}}],"line":15},"1":{"loc":{"start":{"line":16,"column":2},"end":{"line":56,"column":3}},"type":"switch","locations":[{"start":{"line":17,"column":2},"end":{"line":22,"column":6}},{"start":{"line":24,"column":2},"end":{"line":29,"column":6}},{"start":{"line":31,"column":2},"end":{"line":37,"column":6}},{"start":{"line":39,"column":2},"end":{"line":44,"column":6}},{"start":{"line":46,"column":2},"end":{"line":52,"column":6}},{"start":{"line":54,"column":2},"end":{"line":55,"column":17}}],"line":16}},"s":{"0":6,"1":19,"2":1,"3":1,"4":1,"5":0,"6":1,"7":15},"f":{"0":19},"b":{"0":[15],"1":[1,1,1,0,1,15]},"_coverageSchema":"43e27e138ebf9cfc5966b082cf9a028302ed4184","hash":"ba1f9cdf0dc1b95e03d65291c4d2d87e05f3ac53"}
,"/Users/manzedebenard/Desktop/Andela/front-fix/ah-frontend-valkyrie/src/store/index.js": {"path":"/Users/manzedebenard/Desktop/Andela/front-fix/ah-frontend-valkyrie/src/store/index.js","statementMap":{"0":{"start":{"line":6,"column":14},"end":{"line":9,"column":1}}},"fnMap":{},"branchMap":{},"s":{"0":4},"f":{},"b":{},"_coverageSchema":"43e27e138ebf9cfc5966b082cf9a028302ed4184","hash":"ad96b2c6fe8d17a9ed09ca6ee26dd24140e9ffc6"}
,"/Users/manzedebenard/Desktop/Andela/front-fix/ah-frontend-valkyrie/utils/globals.js": {"path":"/Users/manzedebenard/Desktop/Andela/front-fix/ah-frontend-valkyrie/utils/globals.js","statementMap":{"0":{"start":{"line":1,"column":16},"end":{"line":1,"column":74}},"1":{"start":{"line":4,"column":30},"end":{"line":6,"column":1}},"2":{"start":{"line":4,"column":39},"end":{"line":6,"column":1}},"3":{"start":{"line":5,"column":2},"end":{"line":5,"column":62}}},"fnMap":{"0":{"name":"(anonymous_0)","decl":{"start":{"line":4,"column":30},"end":{"line":4,"column":31}},"loc":{"start":{"line":4,"column":39},"end":{"line":6,"column":1}},"line":4},"1":{"name":"(anonymous_1)","decl":{"start":{"line":4,"column":39},"end":{"line":4,"column":40}},"loc":{"start":{"line":4,"column":50},"end":{"line":6,"column":1}},"line":4}},"branchMap":{},"s":{"0":8,"1":8,"2":4,"3":1},"f":{"0":4,"1":1},"b":{},"_coverageSchema":"43e27e138ebf9cfc5966b082cf9a028302ed4184","hash":"b1c64eb963ce24e66390bc121dd012b2f21e612a"}
}
