TN:
SF:/Users/lilian/frontend/ah-frontend-valkyrie/src/App.js
FN:20,(anonymous_0)
FNF:1
FNH:1
FNDA:1,(anonymous_0)
DA:14,1
DA:15,0
DA:16,0
DA:17,0
DA:20,1
DA:21,1
LF:6
LH:3
BRDA:14,0,0,0
BRDA:14,0,1,1
BRF:2
BRH:1
end_of_record
TN:
SF:/Users/lilian/frontend/ah-frontend-valkyrie/src/fileMock.js
FNF:0
FNH:0
DA:1,3
LF:1
LH:1
BRF:0
BRH:0
end_of_record
TN:
SF:/Users/lilian/frontend/ah-frontend-valkyrie/src/styleMock.js
FNF:0
FNH:0
DA:1,6
LF:1
LH:1
BRF:0
BRH:0
end_of_record
TN:
SF:/Users/lilian/frontend/ah-frontend-valkyrie/src/actions/ChangePasswordAction.js
FN:5,(anonymous_0)
FN:12,(anonymous_1)
FN:19,(anonymous_2)
FN:19,(anonymous_3)
FN:33,(anonymous_4)
FN:37,(anonymous_5)
FNF:6
FNH:4
FNDA:1,(anonymous_0)
FNDA:1,(anonymous_1)
FNDA:2,(anonymous_2)
FNDA:1,(anonymous_3)
FNDA:0,(anonymous_4)
FNDA:0,(anonymous_5)
DA:5,3
DA:6,1
DA:12,3
DA:13,1
DA:19,3
DA:20,1
DA:21,1
DA:22,1
DA:34,0
DA:38,0
LF:10
LH:8
BRF:0
BRH:0
end_of_record
TN:
SF:/Users/lilian/frontend/ah-frontend-valkyrie/src/actions/ResetPasswordLinkAction.js
FN:4,(anonymous_0)
FN:11,(anonymous_1)
FN:18,(anonymous_2)
FN:18,(anonymous_3)
FN:31,(anonymous_4)
FN:34,(anonymous_5)
FNF:6
FNH:4
FNDA:1,(anonymous_0)
FNDA:1,(anonymous_1)
FNDA:2,(anonymous_2)
FNDA:1,(anonymous_3)
FNDA:0,(anonymous_4)
FNDA:0,(anonymous_5)
DA:4,4
DA:5,1
DA:11,4
DA:12,1
DA:18,4
DA:19,1
DA:20,1
DA:32,0
DA:35,0
LF:9
LH:7
BRF:0
BRH:0
end_of_record
TN:
SF:/Users/lilian/frontend/ah-frontend-valkyrie/src/actions/SignupAction.js
FN:3,(anonymous_0)
FN:8,(anonymous_1)
FN:13,(anonymous_2)
FN:15,(anonymous_3)
FN:28,(anonymous_4)
FN:29,(anonymous_5)
FN:41,(anonymous_6)
FNF:7
FNH:7
FNDA:2,(anonymous_0)
FNDA:2,(anonymous_1)
FNDA:2,(anonymous_2)
FNDA:1,(anonymous_3)
FNDA:1,(anonymous_4)
FNDA:1,(anonymous_5)
FNDA:1,(anonymous_6)
DA:3,3
DA:8,3
DA:13,3
DA:14,2
DA:15,2
DA:16,1
DA:28,1
DA:30,1
DA:31,1
DA:33,1
DA:34,0
DA:35,0
DA:36,0
DA:38,0
DA:41,1
LF:15
LH:11
BRDA:30,0,0,1
BRDA:30,0,1,0
BRF:2
BRH:1
end_of_record
TN:
SF:/Users/lilian/frontend/ah-frontend-valkyrie/src/actions/actionTypes.js
FNF:0
FNH:0
DA:1,12
LF:1
LH:1
BRF:0
BRH:0
end_of_record
TN:
SF:/Users/lilian/frontend/ah-frontend-valkyrie/src/actions/index.js
FN:3,(anonymous_0)
FN:3,(anonymous_1)
FNF:2
FNH:0
FNDA:0,(anonymous_0)
FNDA:0,(anonymous_1)
DA:3,1
DA:4,0
DA:5,0
LF:3
LH:1
BRF:0
BRH:0
end_of_record
TN:
SF:/Users/lilian/frontend/ah-frontend-valkyrie/src/actions/loginActions.js
FN:9,(anonymous_0)
FN:11,(anonymous_1)
FN:13,(anonymous_2)
FN:15,(anonymous_3)
FN:17,(anonymous_4)
FN:17,(anonymous_5)
FN:35,(anonymous_6)
FN:43,(anonymous_7)
FNF:8
FNH:5
FNDA:1,(anonymous_0)
FNDA:1,(anonymous_1)
FNDA:1,(anonymous_2)
FNDA:0,(anonymous_3)
FNDA:2,(anonymous_4)
FNDA:1,(anonymous_5)
FNDA:0,(anonymous_6)
FNDA:0,(anonymous_7)
DA:4,7
DA:5,7
DA:6,7
DA:7,7
DA:9,7
DA:11,7
DA:13,7
DA:15,7
DA:17,7
DA:18,1
DA:19,1
DA:25,1
DA:33,1
DA:34,1
DA:36,0
DA:37,0
DA:38,0
DA:39,0
DA:40,0
DA:41,0
DA:43,0
LF:21
LH:14
BRF:0
BRH:0
end_of_record
TN:
SF:/Users/lilian/frontend/ah-frontend-valkyrie/src/actions/profile/index.js
FN:12,(anonymous_0)
FN:16,(anonymous_1)
FN:21,(anonymous_2)
FN:26,(anonymous_3)
FN:30,(anonymous_4)
FN:35,(anonymous_5)
FN:40,handleErrors
FN:47,fetchProfile
FN:48,(anonymous_8)
FN:61,(anonymous_9)
FN:62,(anonymous_10)
FN:66,(anonymous_11)
FN:70,updateProfile
FN:71,(anonymous_13)
FN:87,(anonymous_14)
FN:88,(anonymous_15)
FN:92,(anonymous_16)
FNF:17
FNH:10
FNDA:6,(anonymous_0)
FNDA:1,(anonymous_1)
FNDA:1,(anonymous_2)
FNDA:1,(anonymous_3)
FNDA:1,(anonymous_4)
FNDA:1,(anonymous_5)
FNDA:0,handleErrors
FNDA:6,fetchProfile
FNDA:6,(anonymous_8)
FNDA:0,(anonymous_9)
FNDA:0,(anonymous_10)
FNDA:0,(anonymous_11)
FNDA:1,updateProfile
FNDA:1,(anonymous_13)
FNDA:0,(anonymous_14)
FNDA:0,(anonymous_15)
FNDA:0,(anonymous_16)
DA:3,6
DA:4,6
DA:5,6
DA:6,6
DA:7,6
DA:9,6
DA:10,6
DA:12,6
DA:16,6
DA:21,6
DA:26,6
DA:30,6
DA:35,6
DA:41,0
DA:42,0
DA:44,0
DA:48,6
DA:49,6
DA:50,6
DA:61,0
DA:63,0
DA:64,0
DA:66,0
DA:71,1
DA:72,1
DA:73,1
DA:87,0
DA:89,0
DA:90,0
DA:92,0
LF:30
LH:19
BRDA:41,0,0,0
BRDA:41,0,1,0
BRF:2
BRH:0
end_of_record
TN:
SF:/Users/lilian/frontend/ah-frontend-valkyrie/src/components/Alert/Alert.js
FN:4,(anonymous_0)
FNF:1
FNH:0
FNDA:0,(anonymous_0)
DA:4,2
DA:5,0
DA:8,2
LF:3
LH:2
BRF:0
BRH:0
end_of_record
TN:
SF:/Users/lilian/frontend/ah-frontend-valkyrie/src/components/auth/Login.js
FN:11,(anonymous_0)
FN:16,(anonymous_1)
FN:23,(anonymous_2)
FN:46,(anonymous_3)
FN:57,(anonymous_4)
FN:85,(anonymous_5)
FN:92,(anonymous_6)
FN:93,(anonymous_7)
FNF:8
FNH:8
FNDA:1,(anonymous_0)
FNDA:1,(anonymous_1)
FNDA:2,(anonymous_2)
FNDA:2,(anonymous_3)
FNDA:2,(anonymous_4)
FNDA:1,(anonymous_5)
FNDA:1,(anonymous_6)
FNDA:1,(anonymous_7)
DA:12,1
DA:13,1
DA:17,1
DA:18,1
DA:19,1
DA:24,2
DA:25,2
DA:26,2
DA:46,2
DA:47,2
DA:57,2
DA:58,2
DA:75,2
DA:79,2
DA:85,2
DA:92,2
DA:93,1
LF:17
LH:17
BRF:0
BRH:0
end_of_record
TN:
SF:/Users/lilian/frontend/ah-frontend-valkyrie/src/components/auth/Register.js
FN:12,(anonymous_0)
FN:26,(anonymous_1)
FN:32,(anonymous_2)
FN:47,(anonymous_3)
FN:57,(anonymous_4)
FN:104,(anonymous_5)
FN:113,(anonymous_6)
FNF:7
FNH:5
FNDA:1,(anonymous_0)
FNDA:0,(anonymous_1)
FNDA:1,(anonymous_2)
FNDA:1,(anonymous_3)
FNDA:2,(anonymous_4)
FNDA:0,(anonymous_5)
FNDA:1,(anonymous_6)
DA:13,1
DA:14,1
DA:22,1
DA:23,1
DA:27,0
DA:28,0
DA:33,1
DA:34,0
DA:35,0
DA:36,0
DA:37,0
DA:39,0
DA:40,0
DA:43,1
DA:44,1
DA:48,1
DA:49,1
DA:54,1
DA:58,2
DA:59,2
DA:60,2
DA:61,2
DA:63,2
DA:104,2
DA:106,2
DA:113,2
LF:26
LH:18
BRDA:27,0,0,0
BRDA:27,0,1,0
BRDA:33,1,0,0
BRDA:33,1,1,1
BRDA:35,2,0,0
BRDA:35,2,1,0
BRF:6
BRH:1
end_of_record
TN:
SF:/Users/lilian/frontend/ah-frontend-valkyrie/src/components/auth/RegisterForm.js
FN:4,(anonymous_0)
FNF:1
FNH:1
FNDA:2,(anonymous_0)
DA:4,2
DA:7,2
LF:2
LH:2
BRDA:15,0,0,2
BRDA:15,0,1,0
BRDA:24,1,0,2
BRDA:24,1,1,0
BRDA:33,2,0,2
BRDA:33,2,1,0
BRDA:42,3,0,2
BRDA:42,3,1,0
BRF:8
BRH:4
end_of_record
TN:
SF:/Users/lilian/frontend/ah-frontend-valkyrie/src/components/auth/change_password.js
FN:10,(anonymous_0)
FN:22,(anonymous_1)
FN:40,(anonymous_2)
FN:49,(anonymous_3)
FN:53,(anonymous_4)
FN:109,(anonymous_5)
FNF:6
FNH:6
FNDA:1,(anonymous_0)
FNDA:1,(anonymous_1)
FNDA:1,(anonymous_2)
FNDA:1,(anonymous_3)
FNDA:3,(anonymous_4)
FNDA:1,(anonymous_5)
DA:11,1
DA:12,1
DA:18,1
DA:19,1
DA:23,1
DA:24,1
DA:25,1
DA:26,0
DA:27,0
DA:28,0
DA:31,0
DA:32,0
DA:35,1
DA:41,1
DA:42,1
DA:43,1
DA:44,1
DA:45,1
DA:50,1
DA:54,3
DA:55,3
DA:104,2
DA:109,2
DA:110,1
LF:24
LH:19
BRDA:25,0,0,0
BRDA:25,0,1,1
BRDA:26,1,0,0
BRDA:26,1,1,0
BRDA:91,2,0,3
BRDA:91,2,1,0
BRDA:92,3,0,0
BRDA:92,3,1,0
BRF:8
BRH:2
end_of_record
TN:
SF:/Users/lilian/frontend/ah-frontend-valkyrie/src/components/auth/reset_password.js
FN:12,(anonymous_0)
FN:23,(anonymous_1)
FN:27,(anonymous_2)
FN:34,(anonymous_3)
FN:38,(anonymous_4)
FN:88,(anonymous_5)
FNF:6
FNH:6
FNDA:1,(anonymous_0)
FNDA:1,(anonymous_1)
FNDA:1,(anonymous_2)
FNDA:1,(anonymous_3)
FNDA:3,(anonymous_4)
FNDA:1,(anonymous_5)
DA:13,1
DA:14,1
DA:19,1
DA:20,1
DA:24,1
DA:28,1
DA:29,1
DA:30,1
DA:31,1
DA:35,1
DA:39,3
DA:40,3
DA:83,2
DA:88,2
DA:89,1
LF:15
LH:15
BRDA:66,0,0,3
BRDA:66,0,1,0
BRDA:67,1,0,0
BRDA:67,1,1,0
BRF:4
BRH:1
end_of_record
TN:
SF:/Users/lilian/frontend/ah-frontend-valkyrie/src/components/auth/login/LoginForm.js
FN:6,(anonymous_0)
FNF:1
FNH:1
FNDA:2,(anonymous_0)
DA:6,2
DA:9,2
DA:10,2
DA:45,2
DA:55,2
LF:5
LH:5
BRDA:34,0,0,2
BRDA:34,0,1,0
BRDA:41,1,0,2
BRDA:41,1,1,0
BRF:4
BRH:2
end_of_record
TN:
SF:/Users/lilian/frontend/ah-frontend-valkyrie/src/components/common/Button.js
FN:4,(anonymous_0)
FNF:1
FNH:1
FNDA:13,(anonymous_0)
DA:4,4
DA:5,13
DA:11,4
DA:18,4
LF:4
LH:4
BRF:0
BRH:0
end_of_record
TN:
SF:/Users/lilian/frontend/ah-frontend-valkyrie/src/components/common/Modal.js
FN:4,(anonymous_0)
FNF:1
FNH:0
FNDA:0,(anonymous_0)
DA:4,1
DA:5,0
DA:21,1
LF:3
LH:2
BRF:0
BRH:0
end_of_record
TN:
SF:/Users/lilian/frontend/ah-frontend-valkyrie/src/components/common/RegisterFields.js
FN:5,(anonymous_0)
FNF:1
FNH:1
FNDA:9,(anonymous_0)
DA:5,3
DA:14,9
DA:39,3
DA:49,3
LF:4
LH:4
BRDA:31,0,0,9
BRDA:31,0,1,0
BRF:2
BRH:1
end_of_record
TN:
SF:/Users/lilian/frontend/ah-frontend-valkyrie/src/components/common/TextInputField.js
FN:4,(anonymous_0)
FNF:1
FNH:1
FNDA:20,(anonymous_0)
DA:4,7
DA:15,20
DA:36,7
DA:48,7
LF:4
LH:4
BRF:0
BRH:0
end_of_record
TN:
SF:/Users/lilian/frontend/ah-frontend-valkyrie/src/components/layout/Footer.js
FN:4,(anonymous_0)
FN:9,(anonymous_1)
FNF:2
FNH:2
FNDA:9,(anonymous_0)
FNDA:13,(anonymous_1)
DA:5,9
DA:6,9
DA:10,13
LF:3
LH:3
BRF:0
BRH:0
end_of_record
TN:
SF:/Users/lilian/frontend/ah-frontend-valkyrie/src/components/layout/Landing.js
FN:9,(anonymous_0)
FN:14,(anonymous_1)
FNF:2
FNH:0
FNDA:0,(anonymous_0)
FNDA:0,(anonymous_1)
DA:10,0
DA:11,0
DA:15,0
DA:17,0
LF:4
LH:0
BRDA:26,0,0,0
BRDA:26,0,1,0
BRF:2
BRH:0
end_of_record
TN:
SF:/Users/lilian/frontend/ah-frontend-valkyrie/src/components/layout/Navbar.js
FN:15,(anonymous_0)
FN:21,(anonymous_1)
FN:26,(anonymous_2)
FN:78,(anonymous_3)
FN:89,(anonymous_4)
FN:115,(anonymous_5)
FNF:6
FNH:0
FNDA:0,(anonymous_0)
FNDA:0,(anonymous_1)
FNDA:0,(anonymous_2)
FNDA:0,(anonymous_3)
FNDA:0,(anonymous_4)
FNDA:0,(anonymous_5)
DA:16,0
DA:17,0
DA:18,0
DA:22,0
DA:23,0
DA:27,0
DA:28,0
DA:78,1
DA:79,0
DA:89,1
DA:90,0
DA:109,1
DA:112,1
DA:115,1
LF:14
LH:5
BRDA:49,0,0,0
BRDA:49,0,1,0
BRF:2
BRH:0
end_of_record
TN:
SF:/Users/lilian/frontend/ah-frontend-valkyrie/src/components/profile/EditProfileForm.js
FN:5,(anonymous_0)
FNF:1
FNH:1
FNDA:3,(anonymous_0)
DA:5,3
DA:6,3
LF:2
LH:2
BRF:0
BRH:0
end_of_record
TN:
SF:/Users/lilian/frontend/ah-frontend-valkyrie/src/components/profile/ProfileDashboard.js
FN:14,(anonymous_0)
FN:30,(anonymous_1)
FN:34,(anonymous_2)
FN:44,(anonymous_3)
FN:50,(anonymous_4)
FN:56,(anonymous_5)
FN:71,(anonymous_6)
FN:124,(anonymous_7)
FNF:8
FNH:7
FNDA:9,(anonymous_0)
FNDA:9,(anonymous_1)
FNDA:1,(anonymous_2)
FNDA:1,(anonymous_3)
FNDA:1,(anonymous_4)
FNDA:0,(anonymous_5)
FNDA:13,(anonymous_6)
FNDA:5,(anonymous_7)
DA:15,9
DA:16,9
DA:25,9
DA:26,9
DA:27,9
DA:31,9
DA:35,1
DA:36,1
DA:37,1
DA:38,1
DA:39,1
DA:40,1
DA:45,1
DA:46,1
DA:47,1
DA:51,1
DA:52,1
DA:53,1
DA:57,0
DA:58,0
DA:67,0
DA:72,13
DA:74,13
DA:75,0
DA:82,13
DA:83,0
DA:90,13
DA:119,2
DA:124,5
LF:29
LH:24
BRDA:35,0,0,1
BRDA:35,0,1,0
BRDA:74,1,0,0
BRDA:74,1,1,13
BRDA:82,2,0,0
BRDA:82,2,1,13
BRDA:101,3,0,2
BRDA:101,3,1,11
BRF:8
BRH:5
end_of_record
TN:
SF:/Users/lilian/frontend/ah-frontend-valkyrie/src/components/profile/ProfileNav.js
FN:4,(anonymous_0)
FNF:1
FNH:1
FNDA:14,(anonymous_0)
DA:4,3
DA:7,14
LF:2
LH:2
BRF:0
BRH:0
end_of_record
TN:
SF:/Users/lilian/frontend/ah-frontend-valkyrie/src/components/profile/ProfileTabs.js
FN:3,(anonymous_0)
FNF:1
FNH:1
FNDA:11,(anonymous_0)
DA:3,2
DA:4,11
LF:2
LH:2
BRF:0
BRH:0
end_of_record
TN:
SF:/Users/lilian/frontend/ah-frontend-valkyrie/src/reducers/loginRecucer.js
FN:11,(anonymous_0)
FNF:1
FNH:1
FNDA:15,(anonymous_0)
DA:5,5
DA:11,5
DA:12,15
DA:14,1
DA:18,1
DA:21,0
DA:27,1
DA:31,12
LF:8
LH:7
BRDA:11,0,0,12
BRDA:12,1,0,1
BRDA:12,1,1,1
BRDA:12,1,2,0
BRDA:12,1,3,1
BRDA:12,1,4,12
BRF:6
BRH:5
end_of_record
TN:
SF:/Users/lilian/frontend/ah-frontend-valkyrie/src/reducers/passwordResetReducer.js
FN:9,(anonymous_0)
FNF:1
FNH:1
FNDA:14,(anonymous_0)
DA:3,5
DA:9,5
DA:10,14
DA:12,1
DA:17,1
DA:22,12
LF:6
LH:6
BRDA:9,0,0,14
BRDA:10,1,0,1
BRDA:10,1,1,1
BRDA:10,1,2,12
BRF:4
BRH:4
end_of_record
TN:
SF:/Users/lilian/frontend/ah-frontend-valkyrie/src/reducers/rootReducer.js
FNF:0
FNH:0
LF:0
LH:0
BRF:0
BRH:0
end_of_record
TN:
SF:/Users/lilian/frontend/ah-frontend-valkyrie/src/reducers/signupReducer.js
FN:7,(anonymous_0)
FNF:1
FNH:1
FNDA:14,(anonymous_0)
DA:3,5
DA:8,14
DA:10,1
DA:15,1
DA:20,12
LF:5
LH:5
BRDA:7,0,0,13
BRDA:8,1,0,1
BRDA:8,1,1,1
BRDA:8,1,2,12
BRF:4
BRH:4
end_of_record
TN:
SF:/Users/lilian/frontend/ah-frontend-valkyrie/src/reducers/profile/index.js
FN:15,profileReducer
FNF:1
FNH:1
FNDA:16,profileReducer
DA:9,5
DA:16,16
DA:18,1
DA:25,1
DA:32,1
DA:40,0
DA:47,1
DA:55,12
LF:8
LH:7
BRDA:15,0,0,12
BRDA:16,1,0,1
BRDA:16,1,1,1
BRDA:16,1,2,1
BRDA:16,1,3,0
BRDA:16,1,4,1
BRDA:16,1,5,12
BRF:7
BRH:6
end_of_record
TN:
SF:/Users/lilian/frontend/ah-frontend-valkyrie/src/store/index.js
FNF:0
FNH:0
DA:6,3
LF:1
LH:1
BRF:0
BRH:0
end_of_record
TN:
SF:/Users/lilian/frontend/ah-frontend-valkyrie/utils/globals.js
FN:4,(anonymous_0)
FN:4,(anonymous_1)
FNF:2
FNH:2
FNDA:4,(anonymous_0)
FNDA:1,(anonymous_1)
DA:1,7
DA:4,7
DA:5,1
LF:3
LH:3
BRF:0
BRH:0
end_of_record
