TN:
SF:/Users/atukunda/Desktop/ah-frontend-valkyrie/src/App.js
FN:17,(anonymous_0)
FNF:1
FNH:1
FNDA:1,(anonymous_0)
DA:12,1
DA:13,0
DA:14,0
DA:15,0
DA:17,1
DA:18,1
LF:6
LH:3
BRDA:12,0,0,0
BRDA:12,0,1,1
BRF:2
BRH:1
end_of_record
TN:
SF:/Users/atukunda/Desktop/ah-frontend-valkyrie/src/fileMock.js
FNF:0
FNH:0
DA:1,1
LF:1
LH:1
BRF:0
BRH:0
end_of_record
TN:
SF:/Users/atukunda/Desktop/ah-frontend-valkyrie/src/styleMock.js
FNF:0
FNH:0
DA:1,2
LF:1
LH:1
BRF:0
BRH:0
end_of_record
TN:
SF:/Users/atukunda/Desktop/ah-frontend-valkyrie/src/actions/index.js
FN:3,(anonymous_0)
FN:3,(anonymous_1)
FNF:2
FNH:0
FNDA:0,(anonymous_0)
FNDA:0,(anonymous_1)
DA:3,1
DA:4,0
DA:5,0
LF:3
LH:1
BRF:0
BRH:0
end_of_record
TN:
SF:/Users/atukunda/Desktop/ah-frontend-valkyrie/src/actions/loginActions.js
FN:9,(anonymous_0)
FN:11,(anonymous_1)
FN:13,(anonymous_2)
FN:15,(anonymous_3)
FN:17,(anonymous_4)
FN:17,(anonymous_5)
FN:35,(anonymous_6)
FN:43,(anonymous_7)
FNF:8
FNH:5
FNDA:1,(anonymous_0)
FNDA:1,(anonymous_1)
FNDA:1,(anonymous_2)
FNDA:0,(anonymous_3)
FNDA:2,(anonymous_4)
FNDA:1,(anonymous_5)
FNDA:0,(anonymous_6)
FNDA:0,(anonymous_7)
DA:4,5
DA:5,5
DA:6,5
DA:7,5
DA:9,5
DA:11,5
DA:13,5
DA:15,5
DA:17,5
DA:18,1
DA:19,1
DA:25,1
DA:33,1
DA:34,1
DA:36,0
DA:37,0
DA:38,0
DA:39,0
DA:40,0
DA:41,0
DA:43,0
LF:21
LH:14
BRF:0
BRH:0
end_of_record
TN:
SF:/Users/atukunda/Desktop/ah-frontend-valkyrie/src/components/Alert/Alert.js
FN:4,(anonymous_0)
FNF:1
FNH:0
FNDA:0,(anonymous_0)
DA:4,2
DA:5,0
DA:8,2
LF:3
LH:2
BRF:0
BRH:0
end_of_record
TN:
SF:/Users/atukunda/Desktop/ah-frontend-valkyrie/src/components/auth/Login.js
FN:10,(anonymous_0)
FN:15,(anonymous_1)
FN:21,(anonymous_2)
FN:25,(anonymous_3)
FN:49,(anonymous_4)
FN:60,(anonymous_5)
FN:88,(anonymous_6)
FN:95,(anonymous_7)
FN:96,(anonymous_8)
FNF:9
FNH:9
FNDA:1,(anonymous_0)
FNDA:1,(anonymous_1)
FNDA:1,(anonymous_2)
FNDA:2,(anonymous_3)
FNDA:2,(anonymous_4)
FNDA:2,(anonymous_5)
FNDA:1,(anonymous_6)
FNDA:1,(anonymous_7)
FNDA:1,(anonymous_8)
DA:11,1
DA:12,1
DA:16,1
DA:17,1
DA:18,1
DA:22,1
DA:26,2
DA:27,2
DA:28,2
DA:49,2
DA:50,2
DA:60,2
DA:61,2
DA:78,2
DA:82,2
DA:88,2
DA:95,2
DA:96,1
LF:18
LH:18
BRF:0
BRH:0
end_of_record
TN:
SF:/Users/atukunda/Desktop/ah-frontend-valkyrie/src/components/auth/Register.js
FN:6,(anonymous_0)
FN:11,(anonymous_1)
FNF:2
FNH:0
FNDA:0,(anonymous_0)
FNDA:0,(anonymous_1)
DA:7,0
DA:8,0
DA:12,0
LF:3
LH:0
BRF:0
BRH:0
end_of_record
TN:
SF:/Users/atukunda/Desktop/ah-frontend-valkyrie/src/components/auth/login/LoginForm.js
FN:6,(anonymous_0)
FNF:1
FNH:1
FNDA:2,(anonymous_0)
DA:6,2
DA:9,2
DA:10,2
DA:43,2
DA:53,2
LF:5
LH:5
BRDA:34,0,0,2
BRDA:34,0,1,0
BRDA:39,1,0,2
BRDA:39,1,1,0
BRF:4
BRH:2
end_of_record
TN:
SF:/Users/atukunda/Desktop/ah-frontend-valkyrie/src/components/common/Button.js
FN:4,(anonymous_0)
FNF:1
FNH:1
FNDA:7,(anonymous_0)
DA:4,3
DA:5,7
DA:11,3
DA:18,3
LF:4
LH:4
BRF:0
BRH:0
end_of_record
TN:
SF:/Users/atukunda/Desktop/ah-frontend-valkyrie/src/components/common/Modal.js
FN:4,(anonymous_0)
FNF:1
FNH:0
FNDA:0,(anonymous_0)
DA:4,1
DA:5,0
DA:21,1
LF:3
LH:2
BRF:0
BRH:0
end_of_record
TN:
SF:/Users/atukunda/Desktop/ah-frontend-valkyrie/src/components/common/TextInputField.js
FN:4,(anonymous_0)
FNF:1
FNH:1
FNDA:5,(anonymous_0)
DA:4,3
DA:14,5
DA:32,3
DA:42,3
LF:4
LH:4
BRF:0
BRH:0
end_of_record
TN:
SF:/Users/atukunda/Desktop/ah-frontend-valkyrie/src/components/layout/Footer.js
FN:4,(anonymous_0)
FN:9,(anonymous_1)
FNF:2
FNH:0
FNDA:0,(anonymous_0)
FNDA:0,(anonymous_1)
DA:5,0
DA:6,0
DA:10,0
LF:3
LH:0
BRF:0
BRH:0
end_of_record
TN:
SF:/Users/atukunda/Desktop/ah-frontend-valkyrie/src/components/layout/Landing.js
FN:8,(anonymous_0)
FN:13,(anonymous_1)
FNF:2
FNH:0
FNDA:0,(anonymous_0)
FNDA:0,(anonymous_1)
DA:9,0
DA:10,0
DA:14,0
LF:3
LH:0
BRF:0
BRH:0
end_of_record
TN:
SF:/Users/atukunda/Desktop/ah-frontend-valkyrie/src/components/layout/Navbar.js
FN:14,(anonymous_0)
FN:20,(anonymous_1)
FN:25,(anonymous_2)
FN:77,(anonymous_3)
FN:88,(anonymous_4)
FN:114,(anonymous_5)
FNF:6
FNH:0
FNDA:0,(anonymous_0)
FNDA:0,(anonymous_1)
FNDA:0,(anonymous_2)
FNDA:0,(anonymous_3)
FNDA:0,(anonymous_4)
FNDA:0,(anonymous_5)
DA:15,0
DA:16,0
DA:17,0
DA:21,0
DA:22,0
DA:26,0
DA:27,0
DA:77,1
DA:78,0
DA:88,1
DA:89,0
DA:108,1
DA:111,1
DA:114,1
LF:14
LH:5
BRDA:48,0,0,0
BRDA:48,0,1,0
BRF:2
BRH:0
end_of_record
TN:
SF:/Users/atukunda/Desktop/ah-frontend-valkyrie/src/reducers/loginRecucer.js
FN:11,(anonymous_0)
FNF:1
FNH:1
FNDA:9,(anonymous_0)
DA:5,3
DA:11,3
DA:12,9
DA:14,1
DA:18,1
DA:21,0
DA:27,1
DA:31,6
LF:8
LH:7
BRDA:11,0,0,6
BRDA:12,1,0,1
BRDA:12,1,1,1
BRDA:12,1,2,0
BRDA:12,1,3,1
BRDA:12,1,4,6
BRF:6
BRH:5
end_of_record
TN:
SF:/Users/atukunda/Desktop/ah-frontend-valkyrie/src/reducers/rootReducer.js
FNF:0
FNH:0
LF:0
LH:0
BRF:0
BRH:0
end_of_record
TN:
SF:/Users/atukunda/Desktop/ah-frontend-valkyrie/src/store/index.js
FNF:0
FNH:0
DA:6,1
LF:1
LH:1
BRF:0
BRH:0
end_of_record
